Number of atoms:  10
Input Cartesian coordinates:
 0.000000000000    0.000000000000    0.000000000000   
 0.000000000000    0.000000000000    1.458883349500   
 0.000000000000    1.239757142400    0.730664463600   
 1.241396697600   -0.306730595700    2.231510468000   
-0.915687392500   -0.201167195900   -0.538112247500   
 0.930113543200   -0.210722393400   -0.510773995700   
-0.944267558600   -0.191597284300    1.955399528700   
 1.289594485400    0.297849008300    3.134680945500   
 2.116202406500   -0.103031903300    1.620004133000   
 1.248308994100   -1.354738557200    2.525237058300   

Interatomic distances (bohr):
1-2   1.45888
1-3   1.43905
1-4   2.57192
1-5   1.08098
1-6   1.08185
1-7   2.17989
1-9   2.66708
2-3   1.43781
2-4   1.49402
2-5   2.20611
2-6   2.18839
2-7   1.08392
2-8   2.13543
2-9   2.12483
2-10   2.12854
3-4   2.48701
3-5   2.12710
3-6   2.12372
3-7   2.10722
3-8   2.88609
3-9   2.65938
4-6   2.76156
4-7   2.20604
4-8   1.08791
4-9   1.08661
4-10   1.08841
5-6   1.84603
5-7   2.49369
6-9   2.44103
7-8   2.57301
7-10   2.54657
8-9   1.77151
8-10   1.76187
9-10   1.77185

Bond angles:
1- 2- 3-   59.57052068
1- 2- 4-  121.14098495
1- 2- 5-   25.14852207
1- 2- 6-   25.83572226
1- 2- 7-  117.26297622
1- 2- 8-  141.69834661
1- 2- 9-   94.34878332
1- 2- 10-  120.06471543
1- 3- 2-   60.94291679
1- 3- 4-   76.74407116
1- 3- 5-   27.56862687
1- 3- 6-   27.72284333
1- 3- 7-   73.13682026
1- 3- 8-   98.15010883
1- 3- 9-   74.62107009
1- 4- 2-   29.04487369
1- 4- 3-   32.99837259
1- 4- 6-   23.05369949
1- 4- 7-   53.62742986
1- 4- 8-  132.48616444
1- 4- 9-   82.98972478
1- 4- 10-  110.61257668
1- 5- 2-   34.99687899
1- 5- 3-   38.03302951
1- 5- 6-   31.41712144
1- 5- 7-   60.74023167
1- 6- 2-   35.99169571
1- 6- 3-   38.22781509
1- 6- 4-   68.58311358
1- 6- 5-   31.38887562
1- 6- 9-   89.82986888
1- 7- 2-   36.50556969
1- 7- 3-   39.18017379
1- 7- 4-   71.80142678
1- 7- 5-   25.63378308
1- 7- 8-   91.05044557
1- 7- 10-   82.40961788
1- 9- 2-   33.05341342
1- 9- 3-   31.34832284
1- 9- 4-   73.15870829
1- 9- 6-   23.93057169
1- 9- 8-   98.06920256
1- 9- 10-   87.07443954
2- 1- 3-   59.48656253
2- 1- 4-   29.81414136
2- 1- 5-  119.85459894
2- 1- 6-  118.17258202
2- 1- 7-   26.23145410
2- 1- 9-   52.59780325
2- 3- 4-   32.66752308
2- 3- 5-   73.62057506
2- 3- 6-   72.97163358
2- 3- 7-   28.34998845
2- 3- 8-   45.30893497
2- 3- 9-   52.78934769
2- 4- 3-   31.29571344
2- 4- 6-   52.09654481
2- 4- 7-   26.01550800
2- 4- 8-  110.61248873
2- 4- 9-  109.84205313
2- 4- 10-  110.03054310
2- 5- 3-   38.70335238
2- 5- 6-   64.66245254
2- 5- 7-   25.74502347
2- 6- 3-   38.91840728
2- 6- 4-   32.59413756
2- 6- 5-   65.66076943
2- 6- 9-   54.31106824
2- 7- 3-   39.04228944
2- 7- 4-   37.19757946
2- 7- 5-   62.13772705
2- 7- 8-   54.54885048
2- 7- 10-   55.47087986
2- 8- 3-   28.59815369
2- 8- 4-   40.90799482
2- 8- 7-   24.42401734
2- 8- 9-   65.11742167
2- 8- 10-   65.39034518
2- 9- 3-   32.60971018
2- 9- 4-   41.40545733
2- 9- 6-   56.77173016
2- 9- 8-   65.74126639
2- 9- 10-   65.49076664
2- 10- 4-   41.25723202
2- 10- 7-   24.80447501
2- 10- 8-   65.79821390
2- 10- 9-   65.27216805
3- 1- 4-   70.25755625
3- 1- 5-  114.39834362
3- 1- 6-  114.04934158
3- 1- 7-   67.68300595
3- 1- 9-   74.03060707
3- 2- 4-  116.03676348
3- 2- 5-   67.67607256
3- 2- 6-   68.10995913
3- 2- 7-  112.60772211
3- 2- 8-  106.09291133
3- 2- 9-   94.60094213
3- 2- 10-  143.37197164
3- 4- 6-   47.37921213
3- 4- 7-   52.94900051
3- 4- 8-  100.22683790
3- 4- 9-   86.88576535
3- 4- 10-  139.88643332
3- 5- 6-   64.16626820
3- 5- 7-   53.55113444
3- 6- 4-   59.51145213
3- 6- 5-   64.35528155
3- 6- 9-   70.87753210
3- 7- 4-   70.38031921
3- 7- 5-   54.28919133
3- 7- 8-   75.41170467
3- 7- 10-   93.12343324
3- 8- 4-   57.99823938
3- 8- 7-   44.95822663
3- 8- 9-   64.54173388
3- 8- 10-   90.43078318
3- 9- 4-   69.03555449
3- 9- 6-   48.98255704
3- 9- 8-   78.48434659
3- 9- 10-   97.91910807
4- 1- 5-  144.94352833
4- 1- 6-   88.36318693
4- 1- 7-   54.57114336
4- 1- 9-   23.85156693
4- 2- 5-  142.58803418
4- 2- 6-   95.30931762
4- 2- 7-  116.78691254
4- 2- 8-   28.47951645
4- 2- 9-   28.75248954
4- 2- 10-   28.71222489
4- 3- 5-   98.83600707
4- 3- 6-   73.10933574
4- 3- 7-   56.67068029
4- 3- 8-   21.77492273
4- 3- 9-   24.07868016
4- 6- 5-   97.33045199
4- 6- 9-   23.06747115
4- 7- 5-   96.52269140
4- 7- 8-   24.82339368
4- 7- 10-   25.19227040
4- 8- 7-   58.35389500
4- 8- 9-   35.42135091
4- 8- 10-   35.95663777
4- 9- 6-   95.26622238
4- 9- 8-   35.47031471
4- 9- 10-   35.48249665
4- 10- 7-   59.62562539
4- 10- 8-   35.93756175
4- 10- 9-   35.41479878
5- 1- 6-  117.19400294
5- 1- 7-   93.62598525
5- 1- 9-  165.30804544
5- 2- 6-   49.67677802
5- 2- 7-   92.11724949
5- 2- 8-  166.84305239
5- 2- 9-  118.52887386
5- 2- 10-  129.70793982
5- 3- 6-   51.47845026
5- 3- 7-   72.15967424
5- 3- 8-  117.91251719
5- 3- 9-  101.53636704
5- 6- 9-  119.90319383
5- 7- 8-  116.68422821
5- 7- 10-  102.24720086
6- 1- 7-  141.15108912
6- 1- 9-   66.23955943
6- 2- 7-  139.95421822
6- 2- 8-  117.58593594
6- 2- 9-   68.91720160
6- 2- 10-   98.06866186
6- 3- 7-   94.13334136
6- 3- 8-   93.91750556
6- 3- 9-   60.13991086
6- 4- 7-   76.24442073
6- 4- 8-  144.10211480
6- 4- 9-   61.66630648
6- 4- 10-  107.58821112
6- 5- 7-   89.80927821
6- 9- 8-  121.97896376
6- 9- 10-  100.18302708
7- 1- 9-   78.19695636
7- 2- 8-  101.02713218
7- 2- 9-  145.51953759
7- 2- 10-   99.72464513
7- 3- 8-   59.63006870
7- 3- 9-   79.58610101
7- 4- 8-   96.82271132
7- 4- 9-  135.84205274
7- 4- 10-   95.18210421
7- 8- 9-   88.29132457
7- 8- 10-   69.06506185
7- 10- 8-   70.68017814
7- 10- 9-   89.12602098
8- 2- 9-   49.14131193
8- 2- 10-   48.81144092
8- 3- 9-   36.97391953
8- 4- 9-  109.10833438
8- 4- 10-  108.10580048
8- 7- 10-   40.25476001
8- 9- 10-   59.63392381
8- 10- 9-   60.17329833
9- 2- 10-   49.23706532
9- 4- 10-  109.10270457
9- 8- 10-   60.19277786

Out-of-plane angles:
0- 3- 1- 2-  -52.880437
0- 4- 1- 2-   22.761160
0- 4- 1- 3-  -15.365436
0- 5- 1- 2-  -23.262947
0- 5- 1- 3-    0.417193
0- 5- 1- 4-    5.926721
0- 6- 1- 2-   54.457684
0- 6- 1- 3-  -21.400484
0- 6- 1- 4-   -0.347967
0- 6- 1- 5-  -14.308650
0- 7- 1- 2-  -32.816835
0- 7- 1- 3-   30.202381
0- 7- 1- 4-   -0.711328
0- 7- 1- 5-    7.613767
0- 7- 1- 6-   -0.861686
0- 8- 1- 2-  -59.488777
0- 8- 1- 3-   19.956994
0- 8- 1- 4-    7.254410
0- 8- 1- 5-    4.628368
0- 8- 1- 6-   22.679949
0- 8- 1- 7-  -12.849237
0- 9- 1- 2-  -57.948886
0- 9- 1- 3-  -58.232008
0- 9- 1- 4-   24.387443
0- 9- 1- 5-  -12.484715
0- 9- 1- 6-   41.891399
0- 9- 1- 7-  -38.275634
0- 9- 1- 8-  -53.068090
0- 3- 2- 1-   53.936680
0- 4- 2- 1-  -23.092859
0- 4- 2- 3-  -16.153311
0- 5- 2- 1-   23.602840
0- 5- 2- 3-   27.663686
0- 5- 2- 4-  -10.451953
0- 6- 2- 1-  -55.578371
0- 6- 2- 3-  -72.427398
0- 6- 2- 4-   27.542223
0- 6- 2- 5-  -17.508930
0- 7- 2- 1-   33.327511
0- 7- 2- 3-  -10.487967
0- 7- 2- 4-   20.144745
0- 7- 2- 5-  -27.258367
0- 7- 2- 6-   63.729076
0- 8- 2- 1-   60.856510
0- 8- 2- 3-   74.510736
0- 8- 2- 4-    5.809149
0- 8- 2- 5-  -24.762436
0- 8- 2- 6-   68.784987
0- 8- 2- 7-   49.833006
0- 9- 2- 1-   59.233126
0- 9- 2- 3-  -33.410240
0- 9- 2- 4-   17.523486
0- 9- 2- 5-  -27.440574
0- 9- 2- 6-   66.886991
0- 9- 2- 7-   -5.759128
0- 9- 2- 8-  -65.651279
0- 2- 3- 1-  -26.891360
0- 4- 3- 1-    8.644466
0- 4- 3- 2-    8.955318
0- 5- 3- 1-   -0.236645
0- 5- 3- 2-  -15.056770
0- 5- 3- 4-    4.993312
0- 6- 3- 1-   11.945146
0- 6- 3- 2-   32.236372
0- 6- 3- 4-   -5.526416
0- 6- 3- 5-   -4.011839
0- 7- 3- 1-  -16.579807
0- 7- 3- 2-    5.845683
0- 7- 3- 4-  -10.055300
0- 7- 3- 5-   21.899191
0- 7- 3- 6-  -31.762366
0- 8- 3- 1-  -11.163270
0- 8- 3- 2-  -32.629319
0- 8- 3- 4-    3.399350
0- 8- 3- 5-    9.198138
0- 8- 3- 6-  -10.081191
0- 8- 3- 7-  -46.882343
0- 9- 3- 1-   28.832804
0- 9- 3- 2-   17.944183
0- 9- 3- 4-    7.777987
0- 9- 3- 5-  -22.570559
0- 9- 3- 6-   48.358698
0- 9- 3- 7-   26.152830
0- 9- 3- 8-  -69.382874
0- 2- 4- 1-   31.476259
0- 3- 4- 1-  -20.953366
0- 3- 4- 2-  -21.738092
0- 5- 4- 1-   -8.010481
0- 5- 4- 2-   13.975257
0- 5- 4- 3-  -11.951807
0- 6- 4- 1-    0.469616
0- 6- 4- 2-  -37.993476
0- 6- 4- 3-   13.246041
0- 6- 4- 5-   10.873725
0- 8- 4- 1-   -9.812264
0- 8- 4- 2-   -7.743727
0- 8- 4- 3-   -8.110225
0- 8- 4- 5-    9.445112
0- 8- 4- 6-   -9.151628
0- 9- 4- 1-  -33.866099
0- 9- 4- 2-  -23.630343
0- 9- 4- 3-  -18.783675
0- 9- 4- 5-   20.448702
0- 9- 4- 6-  -34.197906
0- 9- 4- 8-    2.999120
0- 2- 5- 1-  -32.180881
0- 3- 5- 1-    0.562590
0- 3- 5- 2-   38.139173
0- 4- 5- 1-    8.003972
0- 4- 5- 2-  -13.963747
0- 4- 5- 3-   11.942017
0- 6- 5- 1-   19.467772
0- 6- 5- 2-   23.589960
0- 6- 5- 3-    9.574177
0- 6- 5- 4-  -10.864841
0- 7- 5- 1-  -10.292272
0- 7- 5- 2-   37.533428
0- 7- 5- 3-  -62.459557
0- 7- 5- 4-   -6.958530
0- 7- 5- 6-  -15.242152
0- 8- 5- 1-   -6.246959
0- 8- 5- 2-   33.859071
0- 8- 5- 3-  -22.334574
0- 8- 5- 4-   -9.437418
0- 8- 5- 6-  -11.956933
0- 8- 5- 7-    2.619833
0- 9- 5- 1-   16.948894
0- 9- 5- 2-   37.805395
0- 9- 5- 3-   65.848910
0- 9- 5- 4-  -20.431458
0- 9- 5- 6-    1.585067
0- 9- 5- 7-   64.180632
0- 9- 5- 8-   57.818484
0- 2- 6- 1-   32.994302
0- 3- 6- 1-  -14.134399
0- 3- 6- 2-  -39.001566
0- 4- 6- 1-   -0.232874
0- 4- 6- 2-   17.773418
0- 4- 6- 3-   -6.524264
0- 5- 6- 1-   -9.520517
0- 5- 6- 2-  -11.455585
0- 5- 6- 3-   -4.734843
0- 5- 6- 4-    5.367669
0- 7- 6- 1-    0.576667
0- 7- 6- 2-  -36.296323
0- 7- 6- 3-   38.393876
0- 7- 6- 4-    0.004930
0- 7- 6- 5-    7.496946
0- 8- 6- 1-  -14.954366
0- 8- 6- 2-  -37.981607
0- 8- 6- 3-   11.918674
0- 8- 6- 4-    4.523592
0- 8- 6- 5-    5.901519
0- 8- 6- 7-  -18.331116
0- 9- 6- 1-  -26.542970
0- 9- 6- 2-  -37.384353
0- 9- 6- 3-  -61.850079
0- 9- 6- 4-   16.183491
0- 9- 6- 5-   -0.786572
0- 9- 6- 7-  -76.890763
0- 9- 6- 8-  -41.717786
0- 2- 7- 1-  -13.436242
0- 3- 7- 1-   12.455724
0- 3- 7- 2-   -4.415225
0- 5- 7- 1-    3.256555
0- 5- 7- 2-  -11.168765
0- 5- 7- 3-   16.374629
0- 6- 7- 1-   -0.369436
0- 6- 7- 2-   22.286509
0- 6- 7- 3-  -23.445886
0- 6- 7- 5-   -4.794797
0- 8- 7- 1-    5.471357
0- 8- 7- 2-  -18.855520
0- 8- 7- 3-   33.486552
0- 8- 7- 5-   -0.832701
0- 8- 7- 6-   11.624022
0- 9- 7- 1-   15.401837
0- 9- 7- 2-    2.432289
0- 9- 7- 3-  -19.460574
0- 9- 7- 5-  -16.630874
0- 9- 7- 6-   38.605257
0- 9- 7- 8-  -50.184642
0- 2- 8- 1-  -28.115654
0- 3- 8- 1-   10.760123
0- 3- 8- 2-   31.329773
0- 4- 8- 1-    3.960689
0- 4- 8- 2-    3.130572
0- 4- 8- 3-    3.277926
0- 5- 8- 1-    2.529765
0- 5- 8- 2-  -13.061584
0- 5- 8- 3-    8.867252
0- 5- 8- 4-    3.813640
0- 6- 8- 1-   12.175818
0- 6- 8- 2-   30.198220
0- 6- 8- 3-   -9.717937
0- 6- 8- 4-   -3.696000
0- 6- 8- 5-   -4.820662
0- 7- 8- 1-   -6.987013
0- 7- 8- 2-   24.350281
0- 7- 8- 3-  -44.741306
0- 7- 8- 4-   -4.076414
0- 7- 8- 5-    1.062377
0- 7- 8- 6-  -14.895536
0- 9- 8- 1-   25.927973
0- 9- 8- 2-   29.443654
0- 9- 8- 3-   64.496558
0- 9- 8- 4-   -1.215091
0- 9- 8- 5-  -20.078789
0- 9- 8- 6-   32.949767
0- 9- 8- 7-   78.507524
0- 2- 9- 1-  -23.302601
0- 3- 9- 1-  -23.378673
0- 3- 9- 2-  -14.684777
0- 4- 9- 1-   11.111233
0- 4- 9- 2-    7.967997
0- 4- 9- 3-    6.393455
0- 5- 9- 1-   -5.790821
0- 5- 9- 2-  -12.248834
0- 5- 9- 3-  -18.409905
0- 5- 9- 4-    6.939526
0- 6- 9- 1-   18.158343
0- 6- 9- 2-   25.051304
0- 6- 9- 3-   37.944984
0- 6- 9- 4-  -11.208160
0- 6- 9- 5-    0.548543
0- 7- 9- 1-  -16.804835
0- 7- 9- 2-   -2.647887
0- 7- 9- 3-   21.264207
0- 7- 9- 4-   -9.507045
0- 7- 9- 5-   18.153063
0- 7- 9- 6-  -42.782767
0- 8- 9- 1-  -21.905651
0- 8- 9- 2-  -24.798845
0- 8- 9- 3-  -50.364307
0- 8- 9- 4-    1.036765
0- 8- 9- 5-   17.033675
0- 8- 9- 6-  -27.651346
0- 8- 9- 7-  -56.735867
1- 3- 0- 2-   26.218516
1- 4- 0- 2-  -53.258278
1- 4- 0- 3-   19.406465
1- 5- 0- 2-   54.201782
1- 5- 0- 3-   -0.488320
1- 5- 0- 4-  -21.430874
1- 6- 0- 2-  -23.790717
1- 6- 0- 3-    6.630375
1- 6- 0- 4-    0.353576
1- 6- 0- 5-   14.772111
1- 7- 0- 2-   22.884609
1- 7- 0- 3-  -21.771099
1- 7- 0- 4-    0.342546
1- 7- 0- 5-   -8.643075
1- 7- 0- 6-    0.349076
1- 8- 0- 2-   45.316744
1- 8- 0- 3-  -10.830404
1- 8- 0- 4-  -45.334849
1- 8- 0- 5-   -7.618263
1- 8- 0- 6-   -5.068139
1- 8- 0- 7-    9.389361
1- 9- 0- 2-   20.138264
1- 9- 0- 3-   29.718059
1- 9- 0- 4-  -35.978489
1- 9- 0- 5-   17.166563
1- 9- 0- 6-  -16.018250
1- 9- 0- 7-   22.795350
1- 9- 0- 8-   35.464930
1- 3- 2- 0-  -26.632787
1- 4- 2- 0-   54.398406
1- 4- 2- 3-   20.098387
1- 5- 2- 0-  -55.383126
1- 5- 2- 3-   32.506947
1- 5- 2- 4-  -71.377918
1- 6- 2- 0-   24.161446
1- 6- 2- 3-  -11.772577
1- 6- 2- 4-   28.338400
1- 6- 2- 5-   18.232635
1- 7- 2- 0-  -23.239520
1- 7- 2- 3-  -29.774620
1- 7- 2- 4-   -9.450158
1- 7- 2- 5-  -38.565488
1- 7- 2- 6-   21.626389
1- 8- 2- 0-  -46.172288
1- 8- 2- 3-   21.144454
1- 8- 2- 4-  -43.001947
1- 8- 2- 5-  -52.783967
1- 8- 2- 6-    8.162539
1- 8- 2- 7-   45.017605
1- 9- 2- 0-  -20.446499
1- 9- 2- 3-   11.511388
1- 9- 2- 4-  -16.627784
1- 9- 2- 5-  -21.698654
1- 9- 2- 6-    6.791154
1- 9- 2- 7-   19.426494
1- 9- 2- 8-   -4.737691
1- 2- 3- 0-   25.556754
1- 4- 3- 0-  -18.932424
1- 4- 3- 2-  -19.311535
1- 5- 3- 0-    0.476834
1- 5- 3- 2-  -31.143458
1- 5- 3- 4-   10.572856
1- 6- 3- 0-   -6.473757
1- 6- 3- 2-   11.323667
1- 6- 3- 4-   -9.359996
1- 6- 3- 5-   -8.577821
1- 7- 3- 0-   21.233895
1- 7- 3- 2-   28.548718
1- 7- 3- 4-    8.484108
1- 7- 3- 5-   48.499762
1- 7- 3- 6-  -21.249590
1- 8- 3- 0-   10.572709
1- 8- 3- 2-  -20.313022
1- 8- 3- 4-   13.784507
1- 8- 3- 5-   19.248717
1- 8- 3- 6-    1.025771
1- 8- 3- 7-  -53.400529
1- 9- 3- 0-  -28.951757
1- 9- 3- 2-  -11.072698
1- 9- 3- 4-  -21.257540
1- 9- 3- 5-  -50.506091
1- 9- 3- 6-   20.575958
1- 9- 3- 7-   53.728302
1- 9- 3- 8-  -53.990611
1- 2- 4- 0-  -31.999974
1- 3- 4- 0-   12.692908
1- 3- 4- 2-   12.941682
1- 5- 4- 0-   13.982255
1- 5- 4- 2-   38.142354
1- 5- 4- 3-   -7.138018
1- 6- 4- 0-   -0.233816
1- 6- 4- 2-  -18.021043
1- 6- 4- 3-    6.323436
1- 6- 4- 5-    5.159948
1- 8- 4- 0-   28.055586
1- 8- 4- 2-   26.391423
1- 8- 4- 3-   -9.285929
1- 8- 4- 5-    2.570009
1- 8- 4- 6-   -4.311139
1- 9- 4- 0-   22.860952
1- 9- 4- 2-   10.748428
1- 9- 4- 3-   14.213325
1- 9- 4- 5-   23.852925
1- 9- 4- 6-  -16.063835
1- 9- 4- 8-   23.598651
1- 2- 5- 0-   32.731608
1- 3- 5- 0-   -0.325534
1- 3- 5- 2-   20.675941
1- 4- 5- 0-  -14.097815
1- 4- 5- 2-  -38.507633
1- 4- 5- 3-    7.196127
1- 6- 5- 0-   -9.786546
1- 6- 5- 2-  -11.862560
1- 6- 5- 3-    5.844380
1- 6- 5- 4-   -5.201848
1- 7- 5- 0-    5.749688
1- 7- 5- 2-   24.179080
1- 7- 5- 3-  -30.751278
1- 7- 5- 4-    1.872721
1- 7- 5- 6-   -2.786972
1- 8- 5- 0-    5.070348
1- 8- 5- 2-   31.548647
1- 8- 5- 3-  -13.006776
1- 8- 5- 4-   -2.590835
1- 8- 5- 6-   -4.635022
1- 8- 5- 7-    7.191766
1- 9- 5- 0-  -11.347607
1- 9- 5- 2-   14.058677
1- 9- 5- 3-   31.791950
1- 9- 5- 4-  -24.058240
1- 9- 5- 6-  -10.305384
1- 9- 5- 7-   30.765421
1- 9- 5- 8-   39.513898
1- 2- 6- 0-  -32.884418
1- 3- 6- 0-    8.940384
1- 3- 6- 2-  -15.702428
1- 4- 6- 0-    0.475893
1- 4- 6- 2-   39.024872
1- 4- 6- 3-  -12.954153
1- 5- 6- 0-   20.070727
1- 5- 6- 2-   24.521081
1- 5- 6- 3-  -11.863742
1- 5- 6- 4-   10.547397
1- 7- 6- 0-   -0.469835
1- 7- 6- 2-  -29.267186
1- 7- 6- 3-   29.970785
1- 7- 6- 4-   -0.465819
1- 7- 6- 5-    5.633654
1- 8- 6- 0-    6.828646
1- 8- 6- 2-  -10.855804
1- 8- 6- 3-   -1.413942
1- 8- 6- 4-    8.800814
1- 8- 6- 5-    9.389717
1- 8- 6- 7-  -14.385677
1- 9- 6- 0-   21.802107
1- 9- 6- 2-   -9.024615
1- 9- 6- 3-  -28.974515
1- 9- 6- 4-   34.276567
1- 9- 6- 5-   21.172808
1- 9- 6- 7-  -52.337179
1- 9- 6- 8-  -12.616500
1- 2- 7- 0-   15.406921
1- 3- 7- 0-  -14.678266
1- 3- 7- 2-  -19.533601
1- 5- 7- 0-   -5.892788
1- 5- 7- 2-  -24.818710
1- 5- 7- 3-   31.600521
1- 6- 7- 0-    0.238481
1- 6- 7- 2-   14.368121
1- 6- 7- 3-  -14.688846
1- 6- 7- 5-   -2.856150
1- 8- 7- 0-   -6.399246
1- 8- 7- 2-  -28.440746
1- 8- 7- 3-   34.172268
1- 8- 7- 5-   -7.371112
1- 8- 7- 6-    7.244804
1- 9- 7- 0-  -15.348635
1- 9- 7- 2-  -12.940653
1- 9- 7- 3-  -34.337049
1- 9- 7- 5-  -31.615147
1- 9- 7- 6-   23.691794
1- 9- 7- 8-  -61.063237
1- 2- 8- 0-   29.220271
1- 3- 8- 0-   -7.412496
1- 3- 8- 2-   14.128036
1- 4- 8- 0-  -29.230286
1- 4- 8- 2-  -27.484337
1- 4- 8- 3-    9.644505
1- 5- 8- 0-   -5.222448
1- 5- 8- 2-  -32.607096
1- 5- 8- 3-   13.403033
1- 5- 8- 4-    2.668398
1- 6- 8- 0-   -3.477328
1- 6- 8- 2-    5.513202
1- 6- 8- 3-    0.721227
1- 6- 8- 4-   -4.476398
1- 6- 8- 5-   -4.774001
1- 7- 8- 0-    6.431317
1- 7- 8- 2-   28.595733
1- 7- 8- 3-  -34.366619
1- 7- 8- 4-    2.680186
1- 7- 8- 5-    7.408105
1- 7- 8- 6-   -7.281156
1- 9- 8- 0-  -23.475835
1- 9- 8- 2-    3.203881
1- 9- 8- 3-   34.664752
1- 9- 8- 4-  -24.559789
1- 9- 8- 5-  -40.942401
1- 9- 8- 6-    6.397339
1- 9- 8- 7-   61.584743
1- 2- 9- 0-   13.648851
1- 3- 9- 0-   19.862867
1- 3- 9- 2-    7.747208
1- 4- 9- 0-  -23.744197
1- 4- 9- 2-  -11.145056
1- 4- 9- 3-  -14.742821
1- 5- 9- 0-   11.671093
1- 5- 9- 2-  -14.462456
1- 5- 9- 3-  -32.796001
1- 5- 9- 4-   24.779511
1- 6- 9- 0-  -10.901956
1- 6- 9- 2-    4.581505
1- 6- 9- 3-   14.281220
1- 6- 9- 4-  -16.666006
1- 6- 9- 5-  -10.598445
1- 7- 9- 0-   15.399521
1- 7- 9- 2-   12.983250
1- 7- 9- 3-   34.463769
1- 7- 9- 4-    6.702518
1- 7- 9- 5-   31.729323
1- 7- 9- 6-  -23.773158
1- 8- 9- 0-   23.432377
1- 8- 9- 2-   -3.198279
1- 8- 9- 3-  -34.595573
1- 8- 9- 4-   24.514061
1- 8- 9- 5-   40.855636
1- 8- 9- 6-   -6.386118
1- 8- 9- 7-  -61.400315
2- 3- 0- 1-  -56.757513
2- 4- 0- 1-   57.292898
2- 4- 0- 3-   65.601629
2- 5- 0- 1-  -57.163024
2- 5- 0- 3-  -57.526086
2- 5- 0- 4-   38.052164
2- 6- 0- 1-   57.597557
2- 6- 0- 3-   66.029831
2- 6- 0- 4-  -57.028775
2- 6- 0- 5-   65.198840
2- 7- 0- 1-  -57.078096
2- 7- 0- 3-   13.585580
2- 7- 0- 4-  -57.037054
2- 7- 0- 5-   50.079556
2- 7- 0- 6-  -57.036069
2- 8- 0- 1-  -59.371739
2- 8- 0- 3-  -69.635413
2- 8- 0- 4-  -50.103169
2- 8- 0- 5-   50.974379
2- 8- 0- 6-  -64.533584
2- 8- 0- 7-  -48.945836
2- 9- 0- 1-  -35.717177
2- 9- 0- 3-   21.501454
2- 9- 0- 4-  -58.754531
2- 9- 0- 5-   65.712277
2- 9- 0- 6-  -63.585401
2- 9- 0- 7-    5.353394
2- 9- 0- 8-   64.281026
2- 3- 1- 0-   56.832989
2- 4- 1- 0-  -57.369937
2- 4- 1- 3-  -63.772270
2- 5- 1- 0-   57.239680
2- 5- 1- 3-  -56.540034
2- 5- 1- 4-   65.494571
2- 6- 1- 0-  -57.675507
2- 6- 1- 3-   38.169743
2- 6- 1- 4-  -57.946498
2- 6- 1- 5-  -66.213081
2- 7- 1- 0-   57.154503
2- 7- 1- 3-   60.360147
2- 7- 1- 4-   56.163486
2- 7- 1- 5-   66.980669
2- 7- 1- 6-  -58.342468
2- 8- 1- 0-   59.455313
2- 8- 1- 3-  -39.600197
2- 8- 1- 4-   66.614052
2- 8- 1- 5-   64.029539
2- 8- 1- 6-  -36.882468
2- 8- 1- 7-  -72.075859
2- 9- 1- 0-   35.752719
2- 9- 1- 3-  -13.168705
2- 9- 1- 4-   34.824964
2- 9- 1- 5-   32.386437
2- 9- 1- 6-  -16.178542
2- 9- 1- 7-  -29.630924
2- 9- 1- 8-    6.460966
2- 1- 3- 0-  -28.942980
2- 4- 3- 0-  -31.799781
2- 4- 3- 1-   31.238824
2- 5- 3- 0-   29.219071
2- 5- 3- 1-   28.836740
2- 5- 3- 4-   36.750121
2- 6- 3- 0-  -31.919289
2- 6- 3- 1-  -20.933194
2- 6- 3- 4-  -36.614953
2- 6- 3- 5-  -35.357144
2- 7- 3- 0-   -7.811702
2- 7- 3- 1-  -30.164246
2- 7- 3- 4-  -21.273600
2- 7- 3- 5-   22.068307
2- 7- 3- 6-  -52.272672
2- 8- 3- 0-   32.851314
2- 8- 3- 1-   21.624008
2- 8- 3- 4-   36.268832
2- 8- 3- 5-   42.097468
2- 8- 3- 6-   22.712650
2- 8- 3- 7-  -79.770520
2- 9- 3- 0-  -12.244332
2- 9- 3- 1-    7.568334
2- 9- 3- 4-   -7.000790
2- 9- 3- 5-  -26.290163
2- 9- 3- 6-   20.982088
2- 9- 3- 7-   28.268060
2- 9- 3- 8-  -37.590997
2- 1- 4- 0-   34.698954
2- 3- 4- 0-   38.033020
2- 3- 4- 1-  -37.326573
2- 5- 4- 0-  -24.645361
2- 5- 4- 1-  -37.956406
2- 5- 4- 3-  -44.392199
2- 6- 4- 0-   34.581178
2- 6- 4- 1-   34.952935
2- 6- 4- 3-   44.215099
2- 6- 4- 5-   42.640696
2- 8- 4- 0-   31.267648
2- 8- 4- 1-  -38.346960
2- 8- 4- 3-  -43.762611
2- 8- 4- 5-   40.308730
2- 8- 4- 6-  -41.450831
2- 9- 4- 0-   35.338357
2- 9- 4- 1-  -22.706806
2- 9- 4- 3-    8.192897
2- 9- 4- 5-   57.573386
2- 9- 4- 6-  -53.255475
2- 9- 4- 8-   39.217194
2- 1- 5- 0-  -34.704160
2- 3- 5- 0-  -34.865789
2- 3- 5- 1-  -34.390018
2- 4- 5- 0-   24.687209
2- 4- 5- 1-   38.027581
2- 4- 5- 3-   44.481550
2- 6- 5- 0-  -37.960147
2- 6- 5- 1-   38.280634
2- 6- 5- 3-   42.661234
2- 6- 5- 4-  -42.724733
2- 7- 5- 0-  -31.311026
2- 7- 5- 1-  -38.544064
2- 7- 5- 3-  -26.102808
2- 7- 5- 4-  -36.301742
2- 7- 5- 6-  -41.655218
2- 8- 5- 0-  -31.763281
2- 8- 5- 1-  -37.492659
2- 8- 5- 3-  -51.727652
2- 8- 5- 4-  -40.386140
2- 8- 5- 6-  -42.651582
2- 8- 5- 7-  -29.340458
2- 9- 5- 0-  -38.143677
2- 9- 5- 1-  -21.262003
2- 9- 5- 3-   31.244107
2- 9- 5- 4-  -57.717228
2- 9- 5- 6-  -36.581254
2- 9- 5- 7-   29.072692
2- 9- 5- 8-   70.806784
2- 1- 6- 0-   35.210857
2- 3- 6- 0-   38.610064
2- 3- 6- 1-   24.940201
2- 4- 6- 0-  -34.954517
2- 4- 6- 1-  -35.331505
2- 4- 6- 3-  -44.743215
2- 5- 6- 0-   38.310839
2- 5- 6- 1-  -38.635409
2- 5- 6- 3-  -43.075862
2- 5- 6- 4-   43.140291
2- 7- 6- 0-   34.957824
2- 7- 6- 1-   35.506482
2- 7- 6- 3-   68.984360
2- 7- 6- 4-   34.962516
2- 7- 6- 5-   42.055377
2- 8- 6- 0-   38.065338
2- 8- 6- 1-   24.174346
2- 8- 6- 3-  -27.109908
2- 8- 6- 4-   41.929836
2- 8- 6- 5-   43.066069
2- 8- 6- 7-  -52.112431
2- 9- 6- 0-   37.706447
2- 9- 6- 1-   10.959619
2- 9- 6- 3-  -24.999645
2- 9- 6- 4-   53.985479
2- 9- 6- 5-   36.914785
2- 9- 6- 7-  -62.781169
2- 9- 6- 8-   -4.392007
2- 1- 7- 0-  -24.742690
2- 3- 7- 0-    6.726121
2- 3- 7- 1-   25.658017
2- 5- 7- 0-   22.482811
2- 5- 7- 1-   27.291434
2- 5- 7- 3-   18.890417
2- 6- 7- 0-  -24.730143
2- 6- 7- 1-  -25.090918
2- 6- 7- 3-  -42.965950
2- 6- 7- 5-  -29.279901
2- 8- 7- 0-   22.086160
2- 8- 7- 1-   28.294664
2- 8- 7- 3-   57.997476
2- 8- 7- 5-   21.134739
2- 8- 7- 6-   35.185902
2- 9- 7- 0-   -2.666365
2- 9- 7- 1-   14.259178
2- 9- 7- 3-  -24.086126
2- 9- 7- 5-  -20.950466
2- 9- 7- 6-   40.487326
2- 9- 7- 8-  -60.016121
2- 1- 8- 0-  -27.751043
2- 3- 8- 0-  -30.484184
2- 3- 8- 1-  -20.159114
2- 4- 8- 0-  -24.528715
2- 4- 8- 1-   29.751682
2- 4- 8- 3-   33.588957
2- 5- 8- 0-   24.858489
2- 5- 8- 1-   29.081965
2- 5- 8- 3-   38.824822
2- 5- 8- 4-   31.159688
2- 6- 8- 0-  -29.245015
2- 6- 8- 1-  -18.934580
2- 6- 8- 3-   21.166753
2- 6- 8- 4-  -31.970301
2- 6- 8- 5-  -32.756171
2- 7- 8- 0-  -24.082665
2- 7- 8- 1-  -30.958358
2- 7- 8- 3-  -66.972669
2- 7- 8- 4-  -28.096831
2- 7- 8- 5-  -23.035421
2- 7- 8- 6-  -38.708220
2- 9- 8- 0-  -29.177379
2- 9- 8- 1-   -3.487914
2- 9- 8- 3-   34.783801
2- 9- 8- 4-  -30.378628
2- 9- 8- 5-  -48.954314
2- 9- 8- 6-    3.478838
2- 9- 8- 7-   70.052597
2- 1- 9- 0-  -14.336796
2- 3- 9- 0-    8.943892
2- 3- 9- 1-   -5.540521
2- 4- 9- 0-  -21.262508
2- 4- 9- 1-   14.005791
2- 4- 9- 3-   -5.126044
2- 5- 9- 0-   22.744546
2- 5- 9- 1-   13.120433
2- 5- 9- 3-  -18.946371
2- 5- 9- 4-   31.952202
2- 6- 9- 0-  -22.326369
2- 6- 9- 1-   -6.781536
2- 6- 9- 3-   15.217842
2- 6- 9- 4-  -30.158739
2- 6- 9- 5-  -21.904226
2- 7- 9- 0-    2.268015
2- 7- 9- 1-  -12.094891
2- 7- 9- 3-   20.314511
2- 7- 9- 4-   -5.872251
2- 7- 9- 5-   17.708361
2- 7- 9- 6-  -33.527257
2- 8- 9- 0-   22.466601
2- 8- 9- 1-    2.733394
2- 8- 9- 3-  -26.562840
2- 8- 9- 4-   23.353865
2- 8- 9- 5-   36.240680
2- 8- 9- 6-   -2.726285
2- 8- 9- 7-  -47.462568
3- 2- 0- 1-   28.860097
3- 4- 0- 1-  -12.712073
3- 4- 0- 2-  -35.056463
3- 5- 0- 1-    0.553722
3- 5- 0- 2-   67.436099
3- 5- 0- 4-  -25.029751
3- 6- 0- 1-  -12.290043
3- 6- 0- 2-  -53.595532
3- 6- 0- 4-   12.933575
3- 6- 0- 5-   16.251800
3- 7- 0- 1-   12.992428
3- 7- 0- 2-   -3.782126
3- 7- 0- 4-   12.926671
3- 7- 0- 5-  -10.365102
3- 7- 0- 6-   12.925388
3- 8- 0- 1-    5.488613
3- 8- 0- 2-   23.223035
3- 8- 0- 4-  -18.008397
3- 8- 0- 5-   -9.199630
3- 8- 0- 6-    2.944171
3- 8- 0- 7-   10.037754
3- 9- 0- 1-  -15.911020
3- 9- 0- 2-   -6.865389
3- 9- 0- 4-  -11.391355
3- 9- 0- 5-   18.999372
3- 9- 0- 6-  -18.951227
3- 9- 0- 7-   -5.204311
3- 9- 0- 8-   12.804692
3- 2- 1- 0-  -56.192247
3- 4- 1- 0-   22.260226
3- 4- 1- 2-   36.096569
3- 5- 1- 0-   -0.953248
3- 5- 1- 2-   63.538970
3- 5- 1- 4-  -14.599021
3- 6- 1- 0-   21.495883
3- 6- 1- 2-  -36.697911
3- 6- 1- 4-   21.838227
3- 6- 1- 5-   35.331601
3- 7- 1- 0-  -22.769583
3- 7- 1- 2-  -25.553470
3- 7- 1- 4-  -23.111886
3- 7- 1- 5-  -18.574275
3- 7- 1- 6-   22.343189
3- 8- 1- 0-   -9.477228
3- 8- 1- 2-   17.915293
3- 8- 1- 4-  -12.742347
3- 8- 1- 5-  -11.577386
3- 8- 1- 6-   -1.313794
3- 8- 1- 7-   15.147812
3- 9- 1- 0-   28.159820
3- 9- 1- 2-   10.570505
3- 9- 1- 4-   21.832225
3- 9- 1- 5-   28.647364
3- 9- 1- 6-  -21.689135
3- 9- 1- 7-  -15.382905
3- 9- 1- 8-   15.301353
3- 1- 2- 0-   29.943904
3- 4- 2- 0-   36.440942
3- 4- 2- 1-  -20.727189
3- 5- 2- 0-  -72.742376
3- 5- 2- 1-  -32.533721
3- 5- 2- 4-  -58.869403
3- 6- 2- 0-   56.338469
3- 6- 2- 1-   21.038405
3- 6- 2- 4-   49.819705
3- 6- 2- 5-   50.099646
3- 7- 2- 0-    3.911452
3- 7- 2- 1-   15.018251
3- 7- 2- 4-   11.000204
3- 7- 2- 5-   -6.213537
3- 7- 2- 6-   21.051262
3- 8- 2- 0-  -24.065072
3- 8- 2- 1-  -10.648938
3- 8- 2- 4-  -24.011322
3- 8- 2- 5-  -21.192956
3- 8- 2- 6-   -6.718081
3- 8- 2- 7-   13.775844
3- 9- 2- 0-    7.100973
3- 9- 2- 1-   -6.326906
3- 9- 2- 4-    3.591635
3- 9- 2- 5-   10.949086
3- 9- 2- 6-   -9.195442
3- 9- 2- 7-   -6.017175
3- 9- 2- 8-    8.399346
3- 1- 4- 0-   -9.273298
3- 2- 4- 0-  -24.873796
3- 2- 4- 1-   14.514092
3- 5- 4- 0-   18.048860
3- 5- 4- 1-    6.155140
3- 5- 4- 2-   37.311446
3- 6- 4- 0-   -9.433590
3- 6- 4- 1-   -9.104750
3- 6- 4- 2-  -32.753031
3- 6- 4- 5-   -1.708912
3- 8- 4- 0-   13.084935
3- 8- 4- 1-    5.383824
3- 8- 4- 2-   16.747084
3- 8- 4- 5-   -3.943049
3- 8- 4- 6-    2.945215
3- 9- 4- 0-    8.316210
3- 9- 4- 1-   -9.102350
3- 9- 4- 2-   -2.542489
3- 9- 4- 5-   14.461869
3- 9- 4- 6-  -15.223134
3- 9- 4- 8-    9.433004
3- 1- 5- 0-    0.515696
3- 2- 5- 0-   59.320747
3- 2- 5- 1-   28.968497
3- 4- 5- 0-  -23.205775
3- 4- 5- 1-   -7.837386
3- 4- 5- 2-  -50.433803
3- 6- 5- 0-  -15.108085
3- 6- 5- 1-  -18.232139
3- 6- 5- 2-  -43.700652
3- 6- 5- 4-    2.173569
3- 7- 5- 0-    9.646250
3- 7- 5- 1-    9.923234
3- 7- 5- 2-    5.593712
3- 7- 5- 4-    9.875652
3- 7- 5- 6-    9.918257
3- 8- 5- 0-    8.562950
3- 8- 5- 1-    6.233184
3- 8- 5- 2-   19.000046
3- 8- 5- 4-    5.017164
3- 8- 5- 6-    4.047303
3- 8- 5- 7-    9.515023
3- 9- 5- 0-  -17.649974
3- 9- 5- 1-  -15.032540
3- 9- 5- 2-   -9.849064
3- 9- 5- 4-  -18.518455
3- 9- 5- 6-  -17.474447
3- 9- 5- 7-   -0.725009
3- 9- 5- 8-   13.146406
3- 1- 6- 0-  -14.368917
3- 2- 6- 0-  -69.773760
3- 2- 6- 1-  -23.873361
3- 4- 6- 0-   15.126021
3- 4- 6- 1-   14.591454
3- 4- 6- 2-   59.465823
3- 5- 6- 0-   19.042836
3- 5- 6- 1-   23.057435
3- 5- 6- 2-   59.867842
3- 5- 6- 4-   -2.721284
3- 7- 6- 0-  -15.116385
3- 7- 6- 1-  -14.919135
3- 7- 6- 2-  -23.888155
3- 7- 6- 4-  -15.114704
3- 7- 6- 5-  -12.451727
3- 8- 6- 0-   -3.433018
3- 8- 6- 1-    0.889713
3- 8- 6- 2-    7.578458
3- 8- 6- 4-   -4.692092
3- 8- 6- 5-   -5.068886
3- 8- 6- 7-    8.282295
3- 9- 6- 0-   22.248629
3- 9- 6- 1-   14.494576
3- 9- 6- 2-   10.378832
3- 9- 6- 4-   24.710725
3- 9- 6- 5-   22.079742
3- 9- 6- 7-  -15.160369
3- 9- 6- 8-    8.629705
3- 1- 7- 0-   32.106824
3- 2- 7- 0-   -8.971399
3- 2- 7- 1-  -36.325618
3- 5- 7- 0-  -25.172606
3- 5- 7- 1-  -25.940624
3- 5- 7- 2-  -14.325339
3- 6- 7- 0-   31.924667
3- 6- 7- 1-   31.470621
3- 6- 7- 2-   55.200260
3- 6- 7- 5-   25.926784
3- 8- 7- 0-  -24.333896
3- 8- 7- 1-  -21.029879
3- 8- 7- 2-  -32.980972
3- 8- 7- 5-  -24.810213
3- 8- 7- 6-  -16.983813
3- 9- 7- 0-   12.382702
3- 9- 7- 1-   21.363942
3- 9- 7- 2-   13.865147
3- 9- 7- 5-    1.840633
3- 9- 7- 6-   32.026162
3- 9- 7- 8-  -20.155436
3- 1- 8- 0-   13.084726
3- 2- 8- 0-   68.956216
3- 2- 8- 1-   25.020737
3- 4- 8- 0-  -47.033350
3- 4- 8- 1-  -17.653916
3- 4- 8- 2-  -68.645512
3- 5- 8- 0-  -22.235354
3- 5- 8- 1-  -16.017955
3- 5- 8- 2-  -55.834418
3- 5- 8- 4-  -12.841846
3- 6- 8- 0-    6.982845
3- 6- 8- 1-   -1.806529
3- 6- 8- 2-  -15.530507
3- 6- 8- 4-    9.559572
3- 6- 8- 5-   10.333405
3- 7- 8- 0-   24.365024
3- 7- 8- 1-   21.056341
3- 7- 8- 2-   33.025645
3- 7- 8- 4-   22.469059
3- 7- 8- 5-   24.842033
3- 7- 8- 6-   17.004835
3- 9- 8- 0-  -31.639847
3- 9- 8- 1-  -21.274778
3- 9- 8- 2-  -19.531595
3- 9- 8- 4-  -31.987622
3- 9- 8- 5-  -35.311984
3- 9- 8- 6-  -17.735822
3- 9- 8- 7-   20.180699
3- 1- 9- 0-  -40.376181
3- 2- 9- 0-  -16.407466
3- 2- 9- 1-   14.584536
3- 4- 9- 0-  -27.821283
3- 4- 9- 1-   30.695721
3- 4- 9- 2-    8.229739
3- 5- 9- 0-   50.290505
3- 5- 9- 1-   41.153413
3- 5- 9- 2-   25.721869
3- 5- 9- 4-   53.692675
3- 6- 9- 0-  -50.122413
3- 6- 9- 1-  -30.483813
3- 6- 9- 2-  -21.416644
3- 6- 9- 4-  -57.918687
3- 6- 9- 5-  -49.630488
3- 7- 9- 0-  -12.376927
3- 7- 9- 1-  -21.353654
3- 7- 9- 2-  -13.858656
3- 7- 9- 4-  -17.591622
3- 7- 9- 5-   -1.839788
3- 7- 9- 6-  -32.009712
3- 8- 9- 0-   31.581323
3- 8- 9- 1-   21.237788
3- 8- 9- 2-   19.497894
3- 8- 9- 4-   31.928300
3- 8- 9- 5-   35.244711
3- 8- 9- 6-   17.705437
3- 8- 9- 7-  -20.145783
4- 2- 0- 1-  -57.896615
4- 3- 0- 1-   22.572784
4- 3- 0- 2-   33.762762
4- 5- 0- 1-   21.633446
4- 5- 0- 2-  -36.895771
4- 5- 0- 3-   22.115566
4- 6- 0- 1-   -0.798369
4- 6- 0- 2-   64.830803
4- 6- 0- 3-  -15.910338
4- 6- 0- 5-  -35.947208
4- 7- 0- 1-   -0.533129
4- 7- 0- 2-   37.225259
4- 7- 0- 3-  -35.056273
4- 7- 0- 5-  -13.019197
4- 7- 0- 6-    0.010163
4- 8- 0- 1-   13.124669
4- 8- 0- 2-   11.676726
4- 8- 0- 3-   11.180735
4- 8- 0- 5-  -14.048312
4- 8- 0- 6-   12.304020
4- 8- 0- 7-   14.207355
4- 9- 0- 1-   48.508866
4- 9- 0- 2-   40.007061
4- 9- 0- 3-   27.089630
4- 9- 0- 5-  -38.200164
4- 9- 0- 6-   39.337199
4- 9- 0- 7-   37.139016
4- 9- 0- 8-   -4.162533
4- 2- 1- 0-   24.523590
4- 3- 1- 0-  -10.841156
4- 3- 1- 2-  -37.340398
4- 5- 1- 0-  -10.407280
4- 5- 1- 2-  -48.385813
4- 5- 1- 3-   11.127599
4- 6- 1- 0-    0.391185
4- 6- 1- 2-   66.559617
4- 6- 1- 3-  -24.608760
4- 6- 1- 5-  -15.740227
4- 7- 1- 0-    0.261226
4- 7- 1- 2-  -11.348631
4- 7- 1- 3-   10.799407
4- 7- 1- 5-    3.043957
4- 7- 1- 6-   -0.577533
4- 8- 1- 0-   -6.388119
4- 8- 1- 2-  -53.999340
4- 8- 1- 3-   23.756917
4- 8- 1- 5-   -2.313729
4- 8- 1- 6-   26.079289
4- 8- 1- 7-   -4.928334
4- 9- 1- 0-  -21.532738
4- 9- 1- 2-  -47.423133
4- 9- 1- 3-  -36.550442
4- 9- 1- 5-  -31.619848
4- 9- 1- 6-   49.037756
4- 9- 1- 7-  -13.155657
4- 9- 1- 8-  -49.921090
4- 1- 2- 0-  -25.498467
4- 3- 2- 0-  -16.405407
4- 3- 2- 1-   38.982385
4- 5- 2- 0-   17.764204
4- 5- 2- 1-   50.841950
4- 5- 2- 3-   44.418830
4- 6- 2- 0-  -27.383533
4- 6- 2- 1-  -72.093056
4- 6- 2- 3-  -60.510353
4- 6- 2- 5-  -44.317190
4- 7- 2- 0-  -17.904570
4- 7- 2- 1-   11.776139
4- 7- 2- 3-  -27.034857
4- 7- 2- 5-  -40.984626
4- 7- 2- 6-   38.334243
4- 8- 2- 0-   -5.903499
4- 8- 2- 1-   57.041372
4- 8- 2- 3-   77.746908
4- 8- 2- 5-  -31.059344
4- 8- 2- 6-   66.322339
4- 8- 2- 7-   56.612311
4- 9- 2- 0-  -19.069162
4- 9- 2- 1-   49.793718
4- 9- 2- 3-  -17.624243
4- 9- 2- 5-  -49.058169
4- 9- 2- 6-   68.136048
4- 9- 2- 7-   12.818745
4- 9- 2- 8-  -62.499765
4- 1- 3- 0-    6.785093
4- 2- 3- 0-    9.849082
4- 2- 3- 1-  -22.395648
4- 5- 3- 0-   -6.654034
4- 5- 3- 1-   -6.963003
4- 5- 3- 2-  -25.080420
4- 6- 3- 0-    4.840037
4- 6- 3- 1-   15.163334
4- 6- 3- 2-   31.815159
4- 6- 3- 5-    1.329360
4- 7- 3- 0-   10.182619
4- 7- 3- 1-   -6.759154
4- 7- 3- 2-   15.979024
4- 7- 3- 5-   31.293230
4- 7- 3- 6-  -23.205448
4- 8- 3- 0-   -3.421505
4- 8- 3- 1-  -14.658205
4- 8- 3- 2-  -36.288286
4- 8- 3- 5-    5.837092
4- 8- 3- 6-  -13.568862
4- 8- 3- 7-  -43.864277
4- 9- 3- 0-   -8.057140
4- 9- 3- 1-   21.967383
4- 9- 3- 2-   10.566297
4- 9- 3- 5-  -31.410338
4- 9- 3- 6-   42.956678
4- 9- 3- 7-   35.122988
4- 9- 3- 8-  -73.785927
4- 1- 5- 0-   12.467197
4- 2- 5- 0-  -20.582378
4- 2- 5- 1-  -63.312236
4- 3- 5- 0-   12.735651
4- 3- 5- 1-   13.334767
4- 3- 5- 2-   53.751660
4- 6- 5- 0-   20.105692
4- 6- 5- 1-   18.916600
4- 6- 5- 2-   53.610305
4- 6- 5- 3-   -2.529737
4- 7- 5- 0-    7.580315
4- 7- 5- 1-   -3.638446
4- 7- 5- 2-   49.087841
4- 7- 5- 3-  -81.191865
4- 7- 5- 6-   -9.056077
4- 8- 5- 0-    8.171775
4- 8- 5- 1-    2.765367
4- 8- 5- 2-   36.475452
4- 8- 5- 3-  -11.156385
4- 8- 5- 6-   -2.183924
4- 8- 5- 7-   10.432683
4- 9- 5- 0-   21.230631
4- 9- 5- 1-   38.795847
4- 9- 5- 2-   60.503477
4- 9- 5- 3-   82.536359
4- 9- 5- 6-   22.873157
4- 9- 5- 7-   83.352077
4- 9- 5- 8-   40.395217
4- 1- 6- 0-   -0.346072
4- 2- 6- 0-   23.099451
4- 2- 6- 1-   54.259323
4- 3- 6- 0-   -6.824727
4- 3- 6- 1-  -21.616804
4- 3- 6- 2-  -47.943178
4- 5- 6- 0-  -14.742358
4- 5- 6- 1-  -13.886070
4- 5- 6- 2-  -36.578573
4- 5- 6- 3-    1.872435
4- 7- 6- 0-   -0.004406
4- 7- 6- 1-    0.510928
4- 7- 6- 2-  -31.942336
4- 7- 6- 3-   33.707314
4- 7- 6- 5-    6.691341
4- 8- 6- 0-   -5.300267
4- 8- 6- 1-  -22.887134
4- 8- 6- 2-  -51.369196
4- 8- 6- 3-   19.294877
4- 8- 6- 5-    1.616535
4- 8- 6- 7-  -16.319037
4- 9- 6- 0-  -15.948842
4- 9- 6- 1-  -41.917272
4- 9- 6- 2-  -52.338602
4- 9- 6- 3-  -73.688097
4- 9- 6- 5-  -16.722737
4- 9- 6- 7-  -60.498048
4- 9- 6- 8-  -56.433882
4- 1- 8- 0-    3.780447
4- 2- 8- 0-    3.369033
4- 2- 8- 1-  -28.647020
4- 3- 8- 0-    3.227637
4- 3- 8- 1-   13.811571
4- 3- 8- 2-   33.941756
4- 5- 8- 0-   -4.041741
4- 5- 8- 1-   -1.370853
4- 5- 8- 2-  -17.144479
4- 5- 8- 3-    5.505662
4- 6- 8- 0-    3.547528
4- 6- 8- 1-   15.100423
4- 6- 8- 2-   31.551702
4- 6- 8- 3-  -12.787441
4- 6- 8- 5-   -1.082738
4- 7- 8- 0-    4.086638
4- 7- 8- 1-   -2.918148
4- 7- 8- 2-   28.494282
4- 7- 8- 3-  -40.823529
4- 7- 8- 5-    5.151623
4- 7- 8- 6-  -10.848631
4- 9- 8- 0-    1.207681
4- 9- 8- 1-   26.963709
4- 9- 8- 2-   30.451348
4- 9- 8- 3-   64.941594
4- 9- 8- 5-  -18.744574
4- 9- 8- 6-   33.927390
4- 9- 8- 7-   75.857664
4- 1- 9- 0-   11.908549
4- 2- 9- 0-   10.200935
4- 2- 9- 1-  -24.456112
4- 3- 9- 0-    7.206679
4- 3- 9- 1-  -19.561237
4- 3- 9- 2-   -9.446446
4- 5- 9- 0-   -9.808718
4- 5- 9- 1-  -17.142963
4- 5- 9- 2-  -24.171531
4- 5- 9- 3-  -27.804787
4- 6- 9- 0-   10.056650
4- 6- 9- 1-   25.122159
4- 6- 9- 2-   30.204221
4- 6- 9- 3-   37.583603
4- 6- 9- 5-   10.536328
4- 7- 9- 0-    9.573983
4- 7- 9- 1-   -7.351603
4- 7- 9- 2-    6.907613
4- 7- 9- 3-   30.993747
4- 7- 9- 5-   27.858091
4- 7- 9- 6-  -33.579924
4- 8- 9- 0-   -1.145760
4- 8- 9- 1-  -25.479055
4- 8- 9- 2-  -28.739302
4- 8- 9- 3-  -59.253391
4- 8- 9- 5-   17.750690
4- 8- 9- 6-  -31.973612
4- 8- 9- 7-  -66.923219
5- 2- 0- 1-   59.287561
5- 3- 0- 1-   -0.981798
5- 3- 0- 2-  -63.631427
5- 4- 0- 1-  -22.006979
5- 4- 0- 2-   37.013902
5- 4- 0- 3-  -40.933003
5- 6- 0- 1-  -21.213972
5- 6- 0- 2-  -37.989670
5- 6- 0- 3-  -12.441248
5- 6- 0- 4-   21.652125
5- 7- 0- 1-   22.535665
5- 7- 0- 2-  -64.975805
5- 7- 0- 3-   49.199660
5- 7- 0- 4-   21.663200
5- 7- 0- 6-   21.646567
5- 8- 0- 1-    8.785741
5- 8- 0- 2-  -47.693633
5- 8- 0- 3-   21.214271
5- 8- 0- 4-   61.159744
5- 8- 0- 6-   14.604442
5- 8- 0- 7-   -2.053963
5- 9- 0- 1-  -30.017779
5- 9- 0- 2-  -65.661896
5- 9- 0- 3-  -86.223974
5- 9- 0- 4-   55.293795
5- 9- 0- 6-   -2.132496
5- 9- 0- 7-  -70.975986
5- 9- 0- 8-  -49.766806
5- 2- 1- 0-  -25.152005
5- 3- 1- 0-    0.485343
5- 3- 1- 2-  -67.595937
5- 4- 1- 0-   10.675481
5- 4- 1- 2-   48.584919
5- 4- 1- 3-  -18.439428
5- 6- 1- 0-   10.304814
5- 6- 1- 2-   39.624213
5- 6- 1- 3-  -24.633442
5- 6- 1- 4-   10.058772
5- 7- 1- 0-  -10.921703
5- 7- 1- 2-  -58.104406
5- 7- 1- 3-   36.303534
5- 7- 1- 4-  -11.933252
5- 7- 1- 6-    9.695001
5- 8- 1- 0-   -4.330434
5- 8- 1- 2-  -57.304457
5- 8- 1- 3-   22.910119
5- 8- 1- 4-    2.457300
5- 8- 1- 6-   25.420773
5- 8- 1- 7-   -7.689832
5- 9- 1- 0-   14.318537
5- 9- 1- 2-  -62.733497
5- 9- 1- 3-  -81.134839
5- 9- 1- 4-   42.434560
5- 9- 1- 6-   35.614472
5- 9- 1- 7-  -59.194043
5- 9- 1- 8-  -52.249173
5- 1- 2- 0-   25.974114
5- 3- 2- 0-   27.155888
5- 3- 2- 1-   72.302515
5- 4- 2- 0-  -17.858796
5- 4- 2- 1-  -50.603828
5- 4- 2- 3-  -42.667965
5- 6- 2- 0-   18.273585
5- 6- 2- 1-  -41.084543
5- 6- 2- 3-  -66.318026
5- 6- 2- 4-   47.055366
5- 7- 2- 0-   27.490122
5- 7- 2- 1-   61.029430
5- 7- 2- 3-   16.922930
5- 7- 2- 4-   47.771258
5- 7- 2- 6-   85.354146
5- 8- 2- 0-   22.131955
5- 8- 2- 1-   60.132794
5- 8- 2- 3-   50.214188
5- 8- 2- 4-   27.171709
5- 8- 2- 6-   58.369049
5- 8- 2- 7-   22.913929
5- 9- 2- 0-   27.654762
5- 9- 2- 1-   66.341834
5- 9- 2- 3-  -58.442430
5- 9- 2- 4-   44.520486
5- 9- 2- 6-   55.417390
5- 9- 2- 7-  -33.289903
5- 9- 2- 8-  -59.477735
5- 1- 3- 0-   -0.384607
5- 2- 3- 0-  -20.548108
5- 2- 3- 1-  -47.107519
5- 4- 3- 0-   14.872417
5- 4- 3- 1-   14.516126
5- 4- 3- 2-   31.413230
5- 6- 3- 0-    4.841452
5- 6- 3- 1-   19.287041
5- 6- 3- 2-   44.770280
5- 6- 3- 4-   -1.830567
5- 7- 3- 0-  -17.250743
5- 7- 3- 1-  -27.980978
5- 7- 3- 2-  -12.935390
5- 7- 3- 4-  -24.071822
5- 7- 3- 6-  -34.663018
5- 8- 3- 0-   -8.149626
5- 8- 3- 1-  -17.968193
5- 8- 3- 2-  -36.224615
5- 8- 3- 4-   -5.141022
5- 8- 3- 6-  -17.022290
5- 8- 3- 7-  -32.877066
5- 9- 3- 0-   23.010703
5- 9- 3- 1-   51.534250
5- 9- 3- 2-   40.942314
5- 9- 3- 4-   30.830858
5- 9- 3- 6-   68.361294
5- 9- 3- 7-    3.702388
5- 9- 3- 8-  -60.039491
5- 1- 4- 0-  -12.685653
5- 2- 4- 0-   20.658874
5- 2- 4- 1-   62.750435
5- 3- 4- 0-  -22.579293
5- 3- 4- 1-  -22.022052
5- 3- 4- 2-  -51.233010
5- 6- 4- 0-  -12.487852
5- 6- 4- 1-  -11.949557
5- 6- 4- 2-  -57.365218
5- 6- 4- 3-    2.739012
5- 8- 4- 0-  -30.887584
5- 8- 4- 1-   -2.913395
5- 8- 4- 2-  -31.691908
5- 8- 4- 3-    7.703582
5- 8- 4- 6-    1.983693
5- 9- 4- 0-  -28.801459
5- 9- 4- 1-  -53.119284
5- 9- 4- 2-  -53.768618
5- 9- 4- 3-  -50.056874
5- 9- 4- 6-  -27.621487
5- 9- 4- 8-  -24.919642
5- 1- 6- 0-   -7.260166
5- 2- 6- 0-  -12.413595
5- 2- 6- 1-   26.778618
5- 3- 6- 0-   -4.315057
5- 3- 6- 1-  -17.125190
5- 3- 6- 2-  -38.891478
5- 4- 6- 0-    7.403780
5- 4- 6- 1-    7.087734
5- 4- 6- 2-   30.122708
5- 4- 6- 3-   -1.631878
5- 7- 6- 0-   -7.401961
5- 7- 6- 1-   -6.832675
5- 7- 6- 2-  -43.104269
5- 7- 6- 3-   30.466517
5- 7- 6- 4-   -7.397094
5- 8- 6- 0-   -5.052020
5- 8- 6- 1-  -17.653318
5- 8- 6- 2-  -35.713563
5- 8- 6- 3-   15.128135
5- 8- 6- 4-   -1.182004
5- 8- 6- 7-  -10.696134
5- 9- 6- 0-    0.744613
5- 9- 6- 1-  -24.292280
5- 9- 6- 2-  -34.363730
5- 9- 6- 3-  -55.961955
5- 9- 6- 4-   16.039102
5- 9- 6- 7-  -67.565552
5- 9- 6- 8-  -38.336093
5- 1- 7- 0-    6.437211
5- 2- 7- 0-  -15.371072
5- 2- 7- 1-  -30.158215
5- 3- 7- 0-   12.793747
5- 3- 7- 1-   20.508343
5- 3- 7- 2-    9.622408
5- 6- 7- 0-    6.194748
5- 6- 7- 1-    5.719017
5- 6- 7- 2-   34.914884
5- 6- 7- 3-  -25.131341
5- 8- 7- 0-    0.600727
5- 8- 7- 1-    4.541441
5- 8- 7- 2-  -12.919469
5- 8- 7- 3-   23.912870
5- 8- 7- 6-    8.943458
5- 9- 7- 0-   16.054519
5- 9- 7- 1-   30.546956
5- 9- 7- 2-   18.372247
5- 9- 7- 3-   -2.763787
5- 9- 7- 6-   50.733652
5- 9- 7- 8-  -33.747940
5- 1- 8- 0-    3.881528
5- 2- 8- 0-  -19.133357
5- 2- 8- 1-  -48.977860
5- 3- 8- 0-    9.228563
5- 3- 8- 1-   20.425996
5- 3- 8- 2-   41.955359
5- 4- 8- 0-   22.844100
5- 4- 8- 1-    2.202848
5- 4- 8- 2-   23.409318
5- 4- 8- 3-   -5.818293
5- 6- 8- 0-    6.416162
5- 6- 8- 1-   22.633555
5- 6- 8- 2-   47.796508
5- 6- 8- 3-  -19.340683
5- 6- 8- 4-    1.500040
5- 7- 8- 0-   -0.910150
5- 7- 8- 1-   -6.889885
5- 7- 8- 2-   19.799891
5- 7- 8- 3-  -37.887969
5- 7- 8- 4-   -4.400897
5- 7- 8- 6-  -13.622789
5- 9- 8- 0-   19.776083
5- 9- 8- 1-   45.141341
5- 9- 8- 2-   48.543052
5- 9- 8- 3-   78.560458
5- 9- 8- 4-   18.580912
5- 9- 8- 6-   51.918395
5- 9- 8- 7-   57.316834
5- 1- 9- 0-   -9.556446
5- 2- 9- 0-  -17.599851
5- 2- 9- 1-  -36.634096
5- 3- 9- 0-  -19.337958
5- 3- 9- 1-  -41.550021
5- 3- 9- 2-  -33.718499
5- 4- 9- 0-   15.831920
5- 4- 9- 1-   26.933334
5- 4- 9- 2-   27.179251
5- 4- 9- 3-   25.731260
5- 6- 9- 0-   -0.707545
5- 6- 9- 1-   23.011320
5- 6- 9- 2-   32.435322
5- 6- 9- 3-   51.944694
5- 6- 9- 4-  -15.220816
5- 7- 9- 0-  -18.284433
5- 7- 9- 1-  -35.210223
5- 7- 9- 2-  -20.950840
5- 7- 9- 3-    3.135729
5- 7- 9- 4-  -27.858541
5- 7- 9- 6-  -61.438617
5- 8- 9- 0-  -14.675791
5- 8- 9- 1-  -32.058071
5- 8- 9- 2-  -34.137628
5- 8- 9- 3-  -47.215551
5- 8- 9- 4-  -13.803742
5- 8- 9- 6-  -36.114217
5- 8- 9- 7-  -39.067322
6- 2- 0- 1-  -25.668988
6- 3- 0- 1-   10.907983
6- 3- 0- 2-   52.284699
6- 4- 0- 1-    0.406864
6- 4- 0- 2-  -66.833886
6- 4- 0- 3-   22.885580
6- 5- 0- 1-   10.453201
6- 5- 0- 2-   38.575244
6- 5- 0- 3-   10.114659
6- 5- 0- 4-  -24.455895
6- 7- 0- 1-   -0.678512
6- 7- 0- 2-   49.069334
6- 7- 0- 3-  -45.829019
6- 7- 0- 4-   -0.012693
6- 7- 0- 5-  -16.328217
6- 8- 0- 1-    6.249251
6- 8- 0- 2-   66.812642
6- 8- 0- 3-   -7.142313
6- 8- 0- 4-  -55.331510
6- 8- 0- 5-  -15.644691
6- 8- 0- 7-   17.837165
6- 9- 0- 1-   22.216941
6- 9- 0- 2-   46.364349
6- 9- 0- 3-   53.582045
6- 9- 0- 4-  -42.939489
6- 9- 0- 5-    1.723840
6- 9- 0- 7-   48.940674
6- 9- 0- 8-   39.505109
6- 2- 1- 0-   60.593852
6- 3- 1- 0-  -22.368963
6- 3- 1- 2-   37.878403
6- 4- 1- 0-   -0.818274
6- 4- 1- 2-  -66.290684
6- 4- 1- 3-   37.724448
6- 5- 1- 0-  -21.400376
6- 5- 1- 2-  -39.382162
6- 5- 1- 3-   21.943130
6- 5- 1- 4-  -13.234192
6- 7- 1- 0-    1.364669
6- 7- 1- 2-   60.407483
6- 7- 1- 3-  -51.490766
6- 7- 1- 4-    2.491172
6- 7- 1- 5-  -10.748330
6- 8- 1- 0-  -12.645527
6- 8- 1- 2-   19.930065
6- 8- 1- 3-    1.546269
6- 8- 1- 4-  -16.455634
6- 8- 1- 5-  -15.096796
6- 8- 1- 7-   19.259322
6- 9- 1- 0-  -49.502574
6- 9- 1- 2-   27.406977
6- 9- 1- 3-   49.308115
6- 9- 1- 4-  -75.347409
6- 9- 1- 5-  -35.429409
6- 9- 1- 7-   78.485971
6- 9- 1- 8-   16.718372
6- 1- 2- 0-  -26.622471
6- 3- 2- 0-  -54.919049
6- 3- 2- 1-  -18.410585
6- 4- 2- 0-   72.003180
6- 4- 2- 1-   28.097077
6- 4- 2- 3-   47.393001
6- 5- 2- 0-  -40.169083
6- 5- 2- 1-   19.048614
6- 5- 2- 3-   53.097885
6- 5- 2- 4-  -62.953666
6- 7- 2- 0-  -51.403387
6- 7- 2- 1-  -26.569680
6- 7- 2- 3-  -56.660812
6- 7- 2- 4-  -37.271250
6- 7- 2- 5-  -59.537183
6- 8- 2- 0-  -71.975206
6- 8- 2- 1-  -10.098383
6- 8- 2- 3-   16.380156
6- 8- 2- 4-  -66.824744
6- 8- 2- 5-  -74.930043
6- 8- 2- 7-   51.162337
6- 9- 2- 0-  -48.478044
6- 9- 2- 1-  -13.696227
6- 9- 2- 3-   35.411149
6- 9- 2- 4-  -44.127910
6- 9- 2- 5-  -41.714763
6- 9- 2- 7-   47.772766
6- 9- 2- 8-    4.245416
6- 1- 3- 0-   10.777136
6- 2- 3- 0-   51.415008
6- 2- 3- 1-   17.558368
6- 4- 3- 0-  -22.599211
6- 4- 3- 1-  -17.495689
6- 4- 3- 2-  -44.671831
6- 5- 3- 0-   -9.993533
6- 5- 3- 1-  -10.579941
6- 5- 3- 2-  -49.804098
6- 5- 3- 4-    2.477397
6- 7- 3- 0-   45.134276
6- 7- 3- 1-   22.611338
6- 7- 3- 2-   52.940404
6- 7- 3- 4-   31.599030
6- 7- 3- 5-   74.392023
6- 8- 3- 0-    7.057223
6- 8- 3- 1-   -0.759675
6- 8- 3- 2-  -15.627186
6- 8- 3- 4-    9.416329
6- 8- 3- 5-   13.396820
6- 8- 3- 7-  -35.984031
6- 9- 3- 0-  -52.671288
6- 9- 3- 1-  -21.872826
6- 9- 3- 2-  -33.606374
6- 9- 3- 4-  -44.436105
6- 9- 3- 5-  -76.197924
6- 9- 3- 7-   79.689650
6- 9- 3- 8-  -37.282844
6- 1- 4- 0-    0.355664
6- 2- 4- 0-  -53.482707
6- 2- 4- 1-  -23.451768
6- 3- 4- 0-   19.874129
6- 3- 4- 1-   15.423729
6- 3- 4- 2-   38.458504
6- 5- 4- 0-   21.216738
6- 5- 4- 1-    5.710861
6- 5- 4- 2-   48.816870
6- 5- 4- 3-   -2.191477
6- 8- 4- 0-   45.968780
6- 8- 4- 1-    7.072688
6- 8- 4- 2-   50.971464
6- 8- 4- 3-   -8.321920
6- 8- 4- 5-   -2.867111
6- 9- 4- 0-   36.548423
6- 9- 4- 1-   24.867887
6- 9- 4- 2-   36.040468
6- 9- 4- 3-   38.268984
6- 9- 4- 5-   20.868044
6- 9- 4- 8-   35.040425
6- 1- 5- 0-    7.335367
6- 2- 5- 0-   26.027113
6- 2- 5- 1-  -12.827443
6- 3- 5- 0-    7.099085
6- 3- 5- 1-    7.513350
6- 3- 5- 2-   32.954693
6- 4- 5- 0-  -16.937794
6- 4- 5- 1-   -4.594656
6- 4- 5- 2-  -37.290977
6- 4- 5- 3-    1.764025
6- 7- 5- 0-   11.410810
6- 7- 5- 1-    3.741607
6- 7- 5- 2-   35.898621
6- 7- 5- 3-  -43.306149
6- 7- 5- 4-    6.245260
6- 8- 5- 0-   10.939468
6- 8- 5- 1-    5.228890
6- 8- 5- 2-   41.060985
6- 8- 5- 3-   -9.497378
6- 8- 5- 4-    2.307735
6- 8- 5- 7-   13.328508
6- 9- 5- 0-   -1.213001
6- 9- 5- 1-   11.703302
6- 9- 5- 2-   26.914359
6- 9- 5- 3-   43.756427
6- 9- 5- 4-  -16.664128
6- 9- 5- 7-   42.952314
6- 9- 5- 8-   41.099649
6- 1- 7- 0-   -0.574841
6- 2- 7- 0-   39.797247
6- 2- 7- 1-   21.488479
6- 3- 7- 0-  -37.421644
6- 3- 7- 1-  -19.247073
6- 3- 7- 2-  -43.172275
6- 5- 7- 0-  -13.779457
6- 5- 7- 1-   -4.506018
6- 5- 7- 2-  -44.903826
6- 5- 7- 3-   55.665708
6- 8- 7- 0-  -15.041142
6- 8- 7- 1-   -7.987180
6- 8- 7- 2-  -39.636723
6- 8- 7- 3-   30.249069
6- 8- 7- 5-  -16.113629
6- 9- 7- 0-  -39.704242
6- 9- 7- 1-  -24.379997
6- 9- 7- 2-  -37.332240
6- 9- 7- 3-  -57.515016
6- 9- 7- 5-  -55.118323
6- 9- 7- 8-  -66.682334
6- 1- 8- 0-    4.418475
6- 2- 8- 0-   40.584791
6- 2- 8- 1-    6.889674
6- 3- 8- 0-   -5.048367
6- 3- 8- 1-    0.544096
6- 3- 8- 2-   11.124191
6- 4- 8- 0-  -35.597520
6- 4- 8- 1-   -5.721184
6- 4- 8- 2-  -38.972086
6- 4- 8- 3-    6.729417
6- 5- 8- 0-  -11.002839
6- 5- 8- 1-   -5.258893
6- 5- 8- 2-  -41.347199
6- 5- 8- 3-    9.552227
6- 5- 8- 4-   -2.320946
6- 7- 8- 0-   12.520600
6- 7- 8- 1-    6.665737
6- 7- 8- 2-   32.201690
6- 7- 8- 3-  -24.886939
6- 7- 8- 4-    9.110297
6- 7- 8- 5-   13.406188
6- 9- 8- 0-  -26.758331
6- 9- 8- 1-   -5.810249
6- 9- 8- 2-   -2.903081
6- 9- 8- 3-   25.712624
6- 9- 8- 4-  -27.700430
6- 9- 8- 5-  -41.386255
6- 9- 8- 7-   50.098314
6- 1- 9- 0-   18.885070
6- 2- 9- 0-   38.282035
6- 2- 9- 1-   11.298765
6- 3- 9- 0-   43.538368
6- 3- 9- 1-   18.828157
6- 3- 9- 2-   28.650967
6- 4- 9- 0-  -35.671543
6- 4- 9- 1-  -24.317715
6- 4- 9- 2-  -35.179557
6- 4- 9- 3-  -37.336479
6- 5- 9- 0-    1.475569
6- 5- 9- 1-  -14.284847
6- 5- 9- 2-  -33.409662
6- 5- 9- 3-  -57.274196
6- 5- 9- 4-   20.415215
6- 7- 9- 0-   40.200114
6- 7- 9- 1-   24.649957
6- 7- 9- 2-   37.787450
6- 7- 9- 3-   58.461910
6- 7- 9- 4-   31.464240
6- 7- 9- 5-   55.981224
6- 8- 9- 0-   32.993916
6- 8- 9- 1-    7.033091
6- 8- 9- 2-    3.511966
6- 8- 9- 3-  -31.651394
6- 8- 9- 4-   34.210389
6- 8- 9- 5-   53.095488
6- 8- 9- 7-  -68.103879
7- 2- 0- 1-   22.271609
7- 3- 0- 1-  -10.130434
7- 3- 0- 2-    3.373381
7- 4- 0- 1-    0.239102
7- 4- 0- 2-  -33.899632
7- 4- 0- 3-   13.637468
7- 5- 0- 1-   -9.736241
7- 5- 0- 2-   56.421450
7- 5- 0- 3-  -10.285624
7- 5- 0- 4-  -14.551473
7- 6- 0- 1-    0.597113
7- 6- 0- 2-  -43.290670
7- 6- 0- 3-   11.978554
7- 6- 0- 4-    0.007700
7- 6- 0- 5-   26.398705
7- 8- 0- 1-   -6.076803
7- 8- 0- 2-   23.848168
7- 8- 0- 3-  -12.837477
7- 8- 0- 4-  -29.922306
7- 8- 0- 5-    1.156644
7- 8- 0- 6-   -9.282715
7- 9- 0- 1-  -19.757030
7- 9- 0- 2-   -2.751595
7- 9- 0- 3-    8.227739
7- 9- 0- 4-  -24.401755
7- 9- 0- 5-   29.119425
7- 9- 0- 6-  -28.692398
7- 9- 0- 8-   26.153105
7- 2- 1- 0-  -37.149988
7- 3- 1- 0-   16.276117
7- 3- 1- 2-   27.468592
7- 4- 1- 0-   -0.380993
7- 4- 1- 2-   11.793547
7- 4- 1- 3-   -8.456762
7- 5- 1- 0-   15.632628
7- 5- 1- 2-   61.537178
7- 5- 1- 3-  -16.471504
7- 5- 1- 4-    3.539267
7- 6- 1- 0-   -0.951480
7- 6- 1- 2-  -64.827082
7- 6- 1- 3-   24.707725
7- 6- 1- 4-   -0.567256
7- 6- 1- 5-   14.886638
7- 8- 1- 0-    9.711204
7- 8- 1- 2-   46.215164
7- 8- 1- 3-  -24.258967
7- 8- 1- 4-    4.241215
7- 8- 1- 5-    6.226813
7- 8- 1- 6-  -26.146095
7- 9- 1- 0-   32.590309
7- 9- 1- 2-   38.581544
7- 9- 1- 3-   24.552933
7- 9- 1- 4-   12.863998
7- 9- 1- 5-   40.755296
7- 9- 1- 6-  -48.430581
7- 9- 1- 8-   43.778935
7- 1- 2- 0-   26.540503
7- 3- 2- 0-   -3.978043
7- 3- 2- 1-  -19.955460
7- 4- 2- 0-   41.114320
7- 4- 2- 1-   -8.697968
7- 4- 2- 3-    9.824983
7- 5- 2- 0-  -79.185855
7- 5- 2- 1-  -40.576952
7- 5- 2- 3-   -6.479607
7- 5- 2- 4-  -56.754747
7- 6- 2- 0-   53.942412
7- 6- 2- 1-   42.038781
7- 6- 2- 3-   21.772330
7- 6- 2- 4-   34.205963
7- 6- 2- 5-   59.563021
7- 8- 2- 0-  -28.468673
7- 8- 2- 1-  -32.287531
7- 8- 2- 3-  -20.550782
7- 8- 2- 4-  -30.833570
7- 8- 2- 5-  -15.665503
7- 8- 2- 6-  -28.446139
7- 9- 2- 0-    3.244560
7- 9- 2- 1-  -27.479057
7- 9- 2- 3-   15.269419
7- 9- 2- 4-   -6.622575
7- 9- 2- 5-   17.900739
7- 9- 2- 6-  -30.867820
7- 9- 2- 8-   30.173582
7- 1- 3- 0-  -33.375677
7- 2- 3- 0-   10.605209
7- 2- 3- 1-   64.876798
7- 4- 3- 0-  -47.513527
7- 4- 3- 1-   16.778063
7- 4- 3- 2-  -26.915988
7- 5- 3- 0-   33.949625
7- 5- 3- 1-   33.817436
7- 5- 3- 2-   17.420084
7- 5- 3- 4-   35.746659
7- 6- 3- 0-  -40.476479
7- 6- 3- 1-  -55.130693
7- 6- 3- 2-  -79.737249
7- 6- 3- 4-  -33.683910
7- 6- 3- 5-  -35.548805
7- 8- 3- 0-   44.021430
7- 8- 3- 1-   53.752160
7- 8- 3- 2-   68.631578
7- 8- 3- 4-   40.952779
7- 8- 3- 5-   35.643638
7- 8- 3- 6-   52.839791
7- 9- 3- 0-  -26.589563
7- 9- 3- 1-  -54.650477
7- 9- 3- 2-  -44.319203
7- 9- 3- 4-  -34.342043
7- 9- 3- 5-   -3.691620
7- 9- 3- 6-  -69.880036
7- 9- 3- 8-   56.617203
7- 1- 5- 0-   -8.951280
7- 2- 5- 0-   50.043393
7- 2- 5- 1-   30.505382
7- 3- 5- 0-   -9.455543
7- 3- 5- 1-   -9.422818
7- 3- 5- 2-   -5.052394
7- 4- 5- 0-  -13.365709
7- 4- 5- 1-    2.042753
7- 4- 5- 2-  -40.742820
7- 4- 5- 3-    9.895616
7- 6- 5- 0-  -24.146678
7- 6- 5- 1-   -8.530840
7- 6- 5- 2-  -42.286796
7- 6- 5- 3-    9.847610
7- 6- 5- 4-   -7.718017
7- 8- 5- 0-   -1.064175
7- 8- 5- 1-   -3.590721
7- 8- 5- 2-   12.164639
7- 8- 5- 3-   -9.870634
7- 8- 5- 4-   -4.868853
7- 8- 5- 6-   -5.869371
7- 9- 5- 0-  -26.598263
7- 9- 5- 1-  -22.145044
7- 9- 5- 2-  -13.878727
7- 9- 5- 3-    1.085271
7- 9- 5- 4-  -28.441127
7- 9- 5- 6-  -26.285532
7- 9- 5- 8-   20.696958
7- 1- 6- 0-    0.789654
7- 2- 6- 0-  -65.065960
7- 2- 6- 1-  -48.686911
7- 3- 6- 0-   15.930169
7- 3- 6- 1-   20.298041
7- 3- 6- 2-   24.585599
7- 4- 6- 0-    0.010182
7- 4- 6- 1-   -0.470783
7- 4- 6- 2-   39.092432
7- 4- 6- 3-  -13.562080
7- 5- 6- 0-   36.013405
7- 5- 6- 1-   12.310891
7- 5- 6- 2-   75.261350
7- 5- 6- 3-  -14.230542
7- 5- 6- 4-   11.129684
7- 8- 6- 0-   12.316801
7- 8- 6- 1-   21.451887
7- 8- 6- 2-   32.295892
7- 8- 6- 3-  -19.691996
7- 8- 6- 4-    9.364606
7- 8- 6- 5-    8.452100
7- 9- 6- 0-   39.413356
7- 9- 6- 1-   38.383114
7- 9- 6- 2-   35.133775
7- 9- 6- 3-   23.391656
7- 9- 6- 4-   35.134624
7- 9- 6- 5-   39.532390
7- 9- 6- 8-   33.453000
7- 1- 8- 0-  -11.732047
7- 2- 8- 0-   50.949651
7- 2- 8- 1-   60.488201
7- 3- 8- 0-  -25.262594
7- 3- 8- 1-  -29.687291
7- 3- 8- 2-  -34.882945
7- 4- 8- 0-  -73.360561
7- 4- 8- 1-    5.114622
7- 4- 8- 2-  -56.618721
7- 4- 8- 3-   23.735539
7- 5- 8- 0-    2.222047
7- 5- 8- 1-    7.512748
7- 5- 8- 2-  -26.098226
7- 5- 8- 3-   20.969597
7- 5- 8- 4-   10.206088
7- 6- 8- 0-  -18.049047
7- 6- 8- 1-  -32.085748
7- 6- 8- 2-  -50.898446
7- 6- 8- 3-   29.302549
7- 6- 8- 4-  -13.670431
7- 6- 8- 5-  -12.326604
7- 9- 8- 0-  -57.845696
7- 9- 8- 1-  -56.513120
7- 9- 8- 2-  -54.970706
7- 9- 8- 3-  -30.850299
7- 9- 8- 4-  -57.446998
7- 9- 8- 5-  -47.546525
7- 9- 8- 6-  -53.193579
7- 1- 9- 0-  -40.755508
7- 2- 9- 0-   -5.319679
7- 2- 9- 1-   49.100080
7- 3- 9- 0-   16.044322
7- 3- 9- 1-   30.241017
7- 3- 9- 2-   25.556712
7- 4- 9- 0-  -52.927317
7- 4- 9- 1-   15.654923
7- 4- 9- 2-  -10.889673
7- 4- 9- 3-  -20.385769
7- 5- 9- 0-   70.021115
7- 5- 9- 1-   52.302289
7- 5- 9- 2-   30.231680
7- 5- 9- 3-   -2.278519
7- 5- 9- 4-   88.576374
7- 6- 9- 0-  -68.005233
7- 6- 9- 1-  -65.064313
7- 6- 9- 2-  -57.186289
7- 6- 9- 3-  -35.436210
7- 6- 9- 4-  -57.188160
7- 6- 9- 5-  -68.366345
7- 8- 9- 0-   58.347877
7- 8- 9- 1-   56.989972
7- 8- 9- 2-   55.420432
7- 8- 9- 3-   31.037726
7- 8- 9- 4-   57.941402
7- 8- 9- 5-   47.890313
7- 8- 9- 6-   53.614585
8- 2- 0- 1-   52.509237
8- 3- 0- 1-   -8.790571
8- 3- 0- 2-  -23.751396
8- 4- 0- 1-  -12.004249
8- 4- 0- 2-  -12.336913
8- 4- 0- 3-   -7.845925
8- 5- 0- 1-   -7.911407
8- 5- 0- 2-   51.132814
8- 5- 0- 3-   -8.417388
8- 5- 0- 4-  -14.464127
8- 6- 0- 1-  -11.282116
8- 6- 0- 2-  -72.804834
8- 6- 0- 3-    3.537502
8- 6- 0- 4-   12.064441
8- 6- 0- 5-   23.170754
8- 7- 0- 1-   12.485796
8- 7- 0- 2-  -27.578177
8- 7- 0- 3-   22.399168
8- 7- 0- 4-   12.062573
8- 7- 0- 5-   -1.067120
8- 7- 0- 6-   12.054483
8- 9- 0- 1-  -33.871318
8- 9- 0- 2-  -30.688960
8- 9- 0- 3-  -22.641749
8- 9- 0- 4-    3.134742
8- 9- 0- 5-   25.635796
8- 9- 0- 6-  -26.484078
8- 9- 0- 7-  -29.030756
8- 2- 1- 0-  -84.836047
8- 3- 1- 0-   11.059243
8- 3- 1- 2-  -19.953179
8- 4- 1- 0-   15.133089
8- 4- 1- 2-   60.661362
8- 4- 1- 3-  -18.600402
8- 5- 1- 0-    9.948800
8- 5- 1- 2-   64.691590
8- 5- 1- 3-  -10.839834
8- 5- 1- 4-   -2.832012
8- 6- 1- 0-   14.215380
8- 6- 1- 2-  -21.595807
8- 6- 1- 3-   -0.833138
8- 6- 1- 4-   14.421118
8- 6- 1- 5-   22.191709
8- 7- 1- 0-  -15.745892
8- 7- 1- 2-  -48.500921
8- 7- 1- 3-   24.485637
8- 7- 1- 4-  -16.586200
8- 7- 1- 5-   -6.556620
8- 7- 1- 6-   14.723950
8- 9- 1- 0-   44.391769
8- 9- 1- 2-   -8.213048
8- 9- 1- 3-  -24.586048
8- 9- 1- 4-   48.879593
8- 9- 1- 5-   37.219006
8- 9- 1- 6-  -12.771357
8- 9- 1- 7-  -44.135391
8- 1- 2- 0-   52.726084
8- 3- 2- 0-   23.824430
8- 3- 2- 1-   15.822483
8- 4- 2- 0-   12.373205
8- 4- 2- 1-  -44.147883
8- 4- 2- 3-  -23.796233
8- 5- 2- 0-  -51.339150
8- 5- 2- 1-  -46.245097
8- 5- 2- 3-  -19.126313
8- 5- 2- 4-  -34.882253
8- 6- 2- 0-   73.349384
8- 6- 2- 1-   17.102035
8- 6- 2- 3-   -7.915135
8- 6- 2- 4-   71.126338
8- 6- 2- 5-   57.098144
8- 7- 2- 0-   27.664875
8- 7- 2- 1-   36.756700
8- 7- 2- 3-   22.710677
8- 7- 2- 4-   34.632211
8- 7- 2- 5-   13.575253
8- 7- 2- 6-   32.887862
8- 9- 2- 0-   30.787486
8- 9- 2- 1-    6.553995
8- 9- 2- 3-  -21.441426
8- 9- 2- 4-   27.340558
8- 9- 2- 5-   28.719409
8- 9- 2- 6-   -2.928654
8- 9- 2- 7-  -30.043912
8- 1- 3- 0-  -22.030812
8- 2- 3- 0-  -81.339531
8- 2- 3- 1-  -41.859564
8- 4- 3- 0-   19.576397
8- 4- 3- 1-   38.588830
8- 4- 3- 2-   80.929847
8- 5- 3- 0-   21.057105
8- 5- 3- 1-   21.577118
8- 5- 3- 2-   53.311963
8- 5- 3- 4-    9.887308
8- 6- 3- 0-   -8.710816
8- 6- 3- 1-    1.629335
8- 6- 3- 2-   19.695686
8- 6- 3- 4-  -13.396594
8- 6- 3- 5-  -12.119917
8- 7- 3- 0-  -69.277595
8- 7- 3- 1-  -54.142136
8- 7- 3- 2-  -70.890289
8- 7- 3- 4-  -61.271928
8- 7- 3- 5-  -61.020562
8- 7- 3- 6-  -33.996728
8- 9- 3- 0-   70.892355
8- 9- 3- 1-   54.448196
8- 9- 3- 2-   63.463848
8- 9- 3- 4-   69.395456
8- 9- 3- 5-   59.183084
8- 9- 3- 6-   35.081622
8- 9- 3- 7-  -56.112778
8- 1- 4- 0-   -8.569137
8- 2- 4- 0-   -8.804809
8- 2- 4- 1-   29.838059
8- 3- 4- 0-   -5.612347
8- 3- 4- 1-  -10.489290
8- 3- 4- 2-  -16.751871
8- 5- 4- 0-   10.308102
8- 5- 4- 1-    1.615944
8- 5- 4- 2-   24.112398
8- 5- 4- 3-   -2.872781
8- 6- 4- 0-   -8.611791
8- 6- 4- 1-   -8.171986
8- 6- 4- 2-  -42.526994
8- 6- 4- 3-    3.877589
8- 6- 4- 5-    1.629211
8- 9- 4- 0-   -2.245226
8- 9- 4- 1-  -25.465475
8- 9- 4- 2-  -19.152475
8- 9- 4- 3-  -15.855146
8- 9- 4- 5-   13.225681
8- 9- 4- 6-  -23.939167
8- 1- 5- 0-   -8.649432
8- 2- 5- 0-   58.288625
8- 2- 5- 1-   51.898274
8- 3- 5- 0-   -9.203377
8- 3- 5- 1-   -9.421900
8- 3- 5- 2-  -20.913676
8- 4- 5- 0-  -15.837182
8- 4- 5- 1-   -2.464921
8- 4- 5- 2-  -38.539112
8- 4- 5- 3-    4.383738
8- 6- 5- 0-  -25.461915
8- 6- 5- 1-  -19.194748
8- 6- 5- 2-  -66.164071
8- 6- 5- 3-    5.362787
8- 6- 5- 4-   -2.485165
8- 7- 5- 0-    1.165956
8- 7- 5- 1-    5.704270
8- 7- 5- 2-  -14.816174
8- 7- 5- 3-   22.917727
8- 7- 5- 4-    4.245713
8- 7- 5- 6-    7.838134
8- 9- 5- 0-  -28.210707
8- 9- 5- 1-  -31.770056
8- 9- 5- 2-  -31.567599
8- 9- 5- 3-  -22.475810
8- 9- 5- 4-  -20.421572
8- 9- 5- 6-  -28.669130
8- 9- 5- 7-  -23.382566
8- 1- 6- 0-   -9.753413
8- 2- 6- 0-  -55.813628
8- 2- 6- 1-  -14.708941
8- 3- 6- 0-    3.062699
8- 3- 6- 1-   -0.574741
8- 3- 6- 2-   -6.828504
8- 4- 6- 0-   10.427253
8- 4- 6- 1-    9.892982
8- 4- 6- 2-   54.785116
8- 4- 6- 3-   -4.688435
8- 5- 6- 0-   19.920445
8- 5- 6- 1-   15.103666
8- 5- 6- 2-   46.462800
8- 5- 6- 3-   -4.247828
8- 5- 6- 4-    1.969325
8- 7- 6- 0-  -10.418679
8- 7- 6- 1-  -10.098290
8- 7- 6- 2-  -27.958554
8- 7- 6- 3-   11.376747
8- 7- 6- 4-  -10.415943
8- 7- 6- 5-   -6.204676
8- 9- 6- 0-   22.715482
8- 9- 6- 1-    8.771948
8- 9- 6- 2-    2.528371
8- 9- 6- 3-  -11.698520
8- 9- 6- 4-   29.369743
8- 9- 6- 5-   22.346958
8- 9- 6- 7-  -29.386062
8- 1- 7- 0-   18.995603
8- 2- 7- 0-  -44.187263
8- 2- 7- 1-  -63.941408
8- 3- 7- 0-   35.008583
8- 3- 7- 1-   29.810227
8- 3- 7- 2-   35.421012
8- 5- 7- 0-   -1.606717
8- 5- 7- 1-   -7.871905
8- 5- 7- 2-   20.632037
8- 5- 7- 3-  -32.451272
8- 6- 7- 0-   18.325865
8- 6- 7- 1-   17.749385
8- 6- 7- 2-   54.601821
8- 6- 7- 3-  -20.057895
8- 6- 7- 5-   10.831218
8- 9- 7- 0-   46.937589
8- 9- 7- 1-   56.641070
8- 9- 7- 2-   48.728814
8- 9- 7- 3-   30.609916
8- 9- 7- 5-   33.151940
8- 9- 7- 6-   58.556166
8- 1- 9- 0-  -57.026494
8- 2- 9- 0-  -50.196747
8- 2- 9- 1-   -9.864155
8- 3- 9- 0-  -35.413582
8- 3- 9- 1-  -29.930149
8- 3- 9- 2-  -33.274884
8- 4- 9- 0-    4.721570
8- 4- 9- 1-   64.608944
8- 4- 9- 2-   43.577437
8- 4- 9- 3-   35.031908
8- 5- 9- 0-   40.635658
8- 5- 9- 1-   46.498802
8- 5- 9- 2-   46.155031
8- 5- 9- 3-   31.781048
8- 5- 9- 4-   28.731386
8- 6- 9- 0-  -42.164890
8- 6- 9- 1-  -15.372848
8- 6- 9- 2-   -4.398041
8- 6- 9- 3-   20.638335
8- 6- 9- 4-  -58.490585
8- 6- 9- 5-  -41.371530
8- 7- 9- 0-  -46.925646
8- 7- 9- 1-  -56.624118
8- 7- 9- 2-  -48.716097
8- 7- 9- 3-  -30.603313
8- 7- 9- 4-  -52.952361
8- 7- 9- 5-  -33.144649
8- 7- 9- 6-  -58.537915
9- 2- 0- 1-   23.538235
9- 3- 0- 1-   18.963229
9- 3- 0- 2-    7.291427
9- 4- 0- 1-  -30.597715
9- 4- 0- 2-  -44.865574
9- 4- 0- 3-  -14.974725
9- 5- 0- 1-   19.539500
9- 5- 0- 2-   85.607073
9- 5- 0- 3-   18.986220
9- 5- 0- 4-  -43.988577
9- 6- 0- 1-  -30.276196
9- 6- 0- 2-  -51.426804
9- 6- 0- 3-  -18.775719
9- 6- 0- 4-   30.859024
9- 6- 0- 5-   -2.745851
9- 7- 0- 1-   30.808134
9- 7- 0- 2-    3.275477
9- 7- 0- 3-  -11.409355
9- 7- 0- 4-   30.850887
9- 7- 0- 5-  -29.342154
9- 7- 0- 6-   30.851624
9- 8- 0- 1-   24.423414
9- 8- 0- 2-   32.039529
9- 8- 0- 3-   18.076035
9- 8- 0- 4-   -9.324195
9- 8- 0- 5-  -28.177824
9- 8- 0- 6-   21.586838
9- 8- 0- 7-   28.951910
9- 2- 1- 0-  -35.906290
9- 3- 1- 0-  -28.503041
9- 3- 1- 2-   -6.996503
9- 4- 1- 0-   48.372258
9- 4- 1- 2-   28.354573
9- 4- 1- 3-   28.093553
9- 5- 1- 0-  -29.416151
9- 5- 1- 2-   34.857077
9- 5- 1- 3-   28.471190
9- 5- 1- 4-  -42.910781
9- 6- 1- 0-   47.763082
9- 6- 1- 2-  -17.306737
9- 6- 1- 3-  -24.082293
9- 6- 1- 4-   48.141880
9- 6- 1- 5-   63.135195
9- 7- 1- 0-  -48.773801
9- 7- 1- 2-  -22.782995
9- 7- 1- 3-  -24.748838
9- 7- 1- 4-  -48.805130
9- 7- 1- 5-  -46.825470
9- 7- 1- 6-   48.700773
9- 8- 1- 0-  -37.386598
9- 8- 1- 2-    4.905061
9- 8- 1- 3-   24.552469
9- 8- 1- 4-  -41.272444
9- 8- 1- 5-  -39.929102
9- 8- 1- 6-   22.635662
9- 8- 1- 7-   43.858277
9- 1- 2- 0-   21.588844
9- 3- 2- 0-   -6.715060
9- 3- 2- 1-    4.382951
9- 4- 2- 0-   40.537750
9- 4- 2- 1-  -17.335544
9- 4- 2- 3-    3.631283
9- 5- 2- 0-  -66.725745
9- 5- 2- 1-  -21.012800
9- 5- 2- 3-   10.607176
9- 5- 2- 4-  -63.550543
9- 6- 2- 0-   46.079884
9- 6- 2- 1-   10.756895
9- 6- 2- 3-   -8.241643
9- 6- 2- 4-   46.946919
9- 6- 2- 5-   38.219414
9- 7- 2- 0-   -3.017549
9- 7- 2- 1-   14.060959
9- 7- 2- 3-   -8.438322
9- 7- 2- 4-    7.491821
9- 7- 2- 5-  -16.600665
9- 7- 2- 6-   26.467727
9- 8- 2- 0-  -29.259758
9- 8- 2- 1-   -3.075135
9- 8- 2- 3-   10.672782
9- 8- 2- 4-  -27.923444
9- 8- 2- 5-  -30.918096
9- 8- 2- 6-    2.231365
9- 8- 2- 7-   25.612340
9- 1- 3- 0-   68.945938
9- 2- 3- 0-   21.375891
9- 2- 3- 1-  -13.781156
9- 4- 3- 0-   47.907803
9- 4- 3- 1-  -67.063225
9- 4- 3- 2-  -11.386197
9- 5- 3- 0-  -69.120428
9- 5- 3- 1-  -68.794070
9- 5- 3- 2-  -35.013793
9- 5- 3- 4-  -72.357331
9- 6- 3- 0-   67.570293
9- 6- 3- 1-   52.939116
9- 6- 3- 2-   26.540295
9- 6- 3- 4-   74.165016
9- 6- 3- 5-   72.375857
9- 7- 3- 0-   34.618046
9- 7- 3- 1-   54.956030
9- 7- 3- 2-   27.220359
9- 7- 3- 4-   47.085385
9- 7- 3- 5-    6.008549
9- 7- 3- 6-   70.357087
9- 8- 3- 0-  -63.008770
9- 8- 3- 1-  -54.352700
9- 8- 3- 2-  -35.259561
9- 8- 3- 4-  -65.267441
9- 8- 3- 5-  -68.448511
9- 8- 3- 6-  -55.250367
9- 8- 3- 7-   56.620163
9- 1- 4- 0-  -23.920199
9- 2- 4- 0-  -34.190253
9- 2- 4- 1-   14.928943
9- 3- 4- 0-  -11.878098
9- 3- 4- 1-   14.799869
9- 3- 4- 2-    3.139058
9- 5- 4- 0-   33.589256
9- 5- 4- 1-   21.674146
9- 5- 4- 2-   50.723136
9- 5- 4- 3-   15.327012
9- 6- 4- 0-  -24.116087
9- 6- 4- 1-  -23.829212
9- 6- 4- 2-  -39.181445
9- 6- 4- 3-  -15.476795
9- 6- 4- 5-  -17.099771
9- 8- 4- 0-    7.415393
9- 8- 4- 1-   20.966231
9- 8- 4- 2-   23.883761
9- 8- 4- 3-   14.591786
9- 8- 4- 5-  -19.405299
9- 8- 4- 6-   18.258904
9- 1- 5- 0-   18.704555
9- 2- 5- 0-   72.943670
9- 2- 5- 1-   21.911404
9- 3- 5- 0-   18.176645
9- 3- 5- 1-   18.135470
9- 3- 5- 2-   11.044261
9- 4- 5- 0-  -41.753277
9- 4- 5- 1-  -26.394940
9- 4- 5- 2-  -68.712770
9- 4- 5- 3-  -18.552225
9- 6- 5- 0-    2.632734
9- 6- 5- 1-  -35.624221
9- 6- 5- 2-  -40.080102
9- 6- 5- 3-  -18.554201
9- 6- 5- 4-   20.727823
9- 7- 5- 0-   28.024655
9- 7- 5- 1-   28.435383
9- 7- 5- 2-   17.297245
9- 7- 5- 3-   -2.002822
9- 7- 5- 4-   28.433633
9- 7- 5- 6-   28.203687
9- 8- 5- 0-   26.921576
9- 8- 5- 1-   24.776449
9- 8- 5- 2-   32.325406
9- 8- 5- 3-   18.091221
9- 8- 5- 4-   23.573447
9- 8- 5- 6-   22.576629
9- 8- 5- 7-   27.730967
9- 1- 6- 0-  -38.231371
9- 2- 6- 0-  -73.664254
9- 2- 6- 1-  -14.397889
9- 3- 6- 0-  -23.270360
9- 3- 6- 1-  -19.941872
9- 3- 6- 2-  -11.009734
9- 4- 6- 0-   39.019824
9- 4- 6- 1-   38.501828
9- 4- 6- 2-   76.781211
9- 4- 6- 3-   24.279287
9- 5- 6- 0-   -3.371031
9- 5- 6- 1-   48.214088
9- 5- 6- 2-   55.510446
9- 5- 6- 3-   24.038046
9- 5- 6- 4-  -26.941425
9- 7- 6- 0-  -39.009788
9- 7- 6- 1-  -38.899077
9- 7- 6- 2-  -36.425387
9- 7- 6- 3-  -23.736548
9- 7- 6- 4-  -39.008861
9- 7- 6- 5-  -37.229169
9- 8- 6- 0-  -26.845726
9- 8- 6- 1-  -18.765338
9- 8- 6- 2-   -2.973320
9- 8- 6- 3-   20.559316
9- 8- 6- 4-  -28.867121
9- 8- 6- 5-  -29.437270
9- 8- 6- 7-   33.472815
9- 1- 7- 0-   65.318506
9- 2- 7- 0-    5.817925
9- 2- 7- 1-  -27.893823
9- 3- 7- 0-  -20.545572
9- 3- 7- 1-  -30.382394
9- 3- 7- 2-  -16.413819
9- 5- 7- 0-  -60.384638
9- 5- 7- 1-  -61.769128
9- 5- 7- 2-  -33.376992
9- 5- 7- 3-    3.707639
9- 6- 7- 0-   65.477648
9- 6- 7- 1-   65.179528
9- 6- 7- 2-   59.118603
9- 6- 7- 3-   35.578067
9- 6- 7- 5-   60.981355
9- 8- 7- 0-  -59.183116
9- 8- 7- 1-  -56.832847
9- 8- 7- 2-  -56.346288
9- 8- 7- 3-  -31.054735
9- 8- 7- 5-  -59.426670
9- 8- 7- 6-  -52.862324
9- 1- 8- 0-   46.838153
9- 2- 8- 0-   69.370089
9- 2- 8- 1-    5.895710
9- 3- 8- 0-   33.186814
9- 3- 8- 1-   29.945538
9- 3- 8- 2-   20.769713
9- 4- 8- 0-  -16.608138
9- 4- 8- 1-  -52.413503
9- 4- 8- 2-  -63.723035
9- 4- 8- 3-  -33.912966
9- 5- 8- 0-  -56.411964
9- 5- 8- 1-  -50.448163
9- 5- 8- 2-  -79.681064
9- 5- 8- 3-  -34.843361
9- 5- 8- 4-  -47.375442
9- 6- 8- 0-   40.469329
9- 6- 8- 1-   27.538762
9- 6- 8- 2-    4.275410
9- 6- 8- 3-  -30.313029
9- 6- 8- 4-   43.937122
9- 6- 8- 5-   44.939420
9- 7- 8- 0-   58.646067
9- 7- 8- 1-   56.342038
9- 7- 8- 2-   55.864352
9- 7- 8- 3-   30.860512
9- 7- 8- 4-   57.449625
9- 7- 8- 5-   58.884476
9- 7- 8- 6-   52.438063

Torsional angles:
3- 2- 1- 0- -112.367692
4- 2- 1- 0-   26.660127
4- 3- 1- 0-  -18.034327
4- 3- 2- 0-  -16.608117
4- 3- 2- 1-   39.541504
5- 2- 1- 0-  -27.261079
5- 3- 1- 0-    0.487435
5- 3- 2- 0-   28.488993
5- 3- 2- 1-   84.638615
5- 4- 1- 0-   14.062230
5- 4- 2- 0-  -23.077539
5- 4- 2- 1-  -81.016088
5- 4- 3- 0-   29.494549
5- 4- 3- 1-  151.262164
5- 4- 3- 2-   91.199461
6- 2- 1- 0-  109.321895
6- 3- 1- 0- -154.765869
6- 3- 2- 0-  -78.359133
6- 3- 2- 1-  -22.209511
6- 4- 1- 0- -179.181167
6- 4- 2- 0-   87.592329
6- 4- 2- 1-   29.653780
6- 4- 3- 0- -146.992447
6- 4- 3- 1-  -25.224832
6- 4- 3- 2-  -85.287535
6- 5- 1- 0-  -34.549439
6- 5- 2- 0-  -40.295328
6- 5- 2- 1-   19.100211
6- 5- 3- 0-  -10.291789
6- 5- 3- 1-  -10.896110
6- 5- 3- 2-  -51.850060
6- 5- 4- 0-   21.216861
6- 5- 4- 1-    5.710893
6- 5- 4- 2-   48.817232
6- 5- 4- 3-   -2.191489
7- 2- 1- 0- -141.057978
7- 3- 1- 0-  144.002316
7- 3- 2- 0- -169.221549
7- 3- 2- 1- -113.071928
7- 5- 1- 0-  162.300101
7- 5- 2- 0- -100.087509
7- 5- 2- 1-  -40.691970
7- 5- 3- 0-   72.260802
7- 5- 3- 1-   71.656481
7- 5- 3- 2-   30.702531
7- 5- 4- 0-   13.450490
7- 5- 4- 1-   -2.055478
7- 5- 4- 2-   41.050862
7- 5- 4- 3-   -9.957859
7- 6- 1- 0- -179.030620
7- 6- 2- 0-  110.445964
7- 6- 2- 1-   50.908090
7- 6- 3- 0- -139.173892
7- 6- 3- 1- -124.278492
7- 6- 3- 2-  -97.684686
7- 6- 4- 0-   -0.011396
7- 6- 4- 1-    0.526902
7- 6- 4- 2-  -44.889188
7- 6- 4- 3-   15.215554
7- 6- 5- 0- -143.446231
7- 6- 5- 1-  -12.472614
7- 6- 5- 2-  -78.407254
7- 6- 5- 3-   14.418498
7- 6- 5- 4- -168.724538
8- 2- 1- 0-  -92.347252
8- 3- 1- 0-   23.501930
8- 3- 2- 0-   81.914845
8- 3- 2- 1-  138.064466
8- 4- 1- 0-   17.286029
8- 4- 2- 0-   12.632494
8- 4- 2- 1-  -45.306055
8- 4- 3- 0-   19.597096
8- 4- 3- 1-  141.364711
8- 4- 3- 2-   81.302008
8- 5- 1- 0-  169.329390
8- 5- 2- 0- -115.790647
8- 5- 2- 1-  -56.395108
8- 5- 3- 0-  155.908099
8- 5- 3- 1-  155.303778
8- 5- 3- 2-  114.349827
8- 5- 4- 0-   18.349734
8- 5- 4- 1-    2.843766
8- 5- 4- 2-   45.950106
8- 5- 4- 3-   -5.058615
8- 6- 1- 0-  154.293004
8- 6- 2- 0-   76.935395
8- 6- 2- 1-   17.397521
8- 6- 3- 0-  -12.556213
8- 6- 3- 1-    2.339187
8- 6- 3- 2-   28.932994
8- 6- 4- 0-  -10.504219
8- 6- 4- 1-   -9.965921
8- 6- 4- 2-  -55.382011
8- 6- 4- 3-    4.722731
8- 6- 5- 0- -152.008431
8- 6- 5- 1-  -21.034813
8- 6- 5- 2-  -86.969453
8- 6- 5- 3-    5.856299
8- 6- 5- 4- -177.286737
8- 7- 1- 0-  -21.026673
8- 7- 2- 0-   50.530631
8- 7- 2- 1-   84.243401
8- 7- 3- 0-  -98.172370
8- 7- 3- 1- -120.937055
8- 7- 3- 2-  -90.233749
8- 7- 5- 0-  177.129417
8- 7- 5- 1-  165.840489
8- 7- 5- 2- -140.997132
8- 7- 5- 3-   73.413459
8- 7- 5- 4-  169.501622
8- 7- 6- 0-  -18.334307
8- 7- 6- 1-  -17.757543
8- 7- 6- 2-  -54.637704
8- 7- 6- 3-   20.067201
8- 7- 6- 4-  -18.329376
8- 7- 6- 5-  -10.836094
9- 2- 1- 0- -100.587035
9- 3- 1- 0-  -96.622216
9- 3- 2- 0-  -34.451108
9- 3- 2- 1-   21.698514
9- 4- 1- 0-   76.316701
9- 4- 2- 0-   40.585560
9- 4- 2- 1-  -17.352989
9- 4- 3- 0-  130.046271
9- 4- 3- 1- -108.186114
9- 4- 3- 2- -168.248816
9- 5- 1- 0- -150.260326
9- 5- 2- 0-  -82.143421
9- 5- 2- 1-  -22.747883
9- 5- 3- 0- -101.434826
9- 5- 3- 1- -102.039147
9- 5- 3- 2- -142.993097
9- 5- 4- 0-   42.085026
9- 5- 4- 1-   26.579058
9- 5- 4- 2-   69.685398
9- 5- 4- 3-   18.676677
9- 6- 1- 0-  131.308589
9- 6- 2- 0-   73.957647
9- 6- 2- 1-   14.419773
9- 6- 3- 0-  111.852991
9- 6- 3- 1-  126.748390
9- 6- 3- 2-  153.342197
9- 6- 4- 0-  -40.109575
9- 6- 4- 1-  -39.571278
9- 6- 4- 2-  -84.987367
9- 6- 4- 3-  -24.882626
9- 6- 5- 0-  176.407261
9- 6- 5- 1-  -52.619121
9- 6- 5- 2- -118.553761
9- 6- 5- 3-  -25.728010
9- 6- 5- 4-  151.128955
9- 7- 1- 0-  -88.056759
9- 7- 2- 0-   -5.818090
9- 7- 2- 1-   27.894681
9- 7- 3- 0-  143.294762
9- 7- 3- 1-  120.530076
9- 7- 3- 2-  151.233382
9- 7- 5- 0-   99.508934
9- 7- 5- 1-   88.220006
9- 7- 5- 2-  141.382384
9- 7- 5- 3-   -4.207025
9- 7- 5- 4-   91.881138
9- 7- 6- 0-  -76.932182
9- 7- 6- 1-  -76.355418
9- 7- 6- 2- -113.235579
9- 7- 6- 3-  -38.530674
9- 7- 6- 4-  -76.927251
9- 7- 6- 5-  -69.433969
9- 8- 1- 0- -126.711261
9- 8- 2- 0-  -70.889088
9- 8- 2- 1-   -5.952679
9- 8- 3- 0- -109.437689
9- 8- 3- 1- -120.686134
9- 8- 3- 2- -142.343738
9- 8- 4- 0-  163.264541
9- 8- 4- 1-   52.971426
9- 8- 4- 2-  115.399017
9- 8- 4- 3-   34.200340
9- 8- 5- 0-   57.818885
9- 8- 5- 1-   51.571899
9- 8- 5- 2-   91.678126
9- 8- 5- 3-   35.484207
9- 8- 5- 4-   48.381425
9- 8- 6- 0- -128.269639
9- 8- 6- 1- -145.994359
9- 8- 6- 2- -174.826069
9- 8- 6- 3-   37.628080
9- 8- 6- 4- -122.930576
9- 8- 6- 5- -121.302239
9- 8- 7- 0-  -81.789527
9- 8- 7- 1-  -74.732292
9- 8- 7- 2- -106.399374
9- 8- 7- 3-  -36.477603
9- 8- 7- 5-  -82.862528
9- 8- 7- 6-  -66.741536

Molecular center of mass in Bohr:  0.32135253  0.24748837  1.10652192

Moment of inertia tensor (amu Bohr^2):
[[ 70.42380976  10.55916001 -21.48399782]
 [ 10.55916001  69.07579165  12.46843151]
 [-21.48399782  12.46843151  47.12444426]]
Principal moments of inertia (amu * bohr^2):
  27.993294 	  74.665183 	 83.9655692

Rotational constants (MHz):

A = 64470.483 	 B = 24171.121 	 C = 21493.824
